[INFO] Scanning for projects...
[INFO] 
[INFO] ----------------------< com.datingapp:dating-app >----------------------
[INFO] Building Dating App 1.0.0
[INFO]   from pom.xml
[INFO] --------------------------------[ jar ]---------------------------------
[INFO] 
[INFO] --- checkstyle:3.6.0:check (checkstyle-check) @ dating-app ---
[INFO] Starting audit...
Audit done.
[INFO] You have 0 Checkstyle violations.
[INFO] 
[INFO] --- jacoco:0.8.14:prepare-agent (prepare-agent) @ dating-app ---
[INFO] argLine set to -javaagent:C:\\Users\\tom7s\\.m2\\repository\\org\\jacoco\\org.jacoco.agent\\0.8.14\\org.jacoco.agent-0.8.14-runtime.jar=destfile=C:\\Users\\tom7s\\Desktopp\\Claude_Folder_2\\Date_Program\\target\\jacoco.exec
[INFO] 
[INFO] --- resources:3.3.1:resources (default-resources) @ dating-app ---
[INFO] Copying 13 resources from src\main\resources to target\classes
[INFO] 
[INFO] --- compiler:3.14.1:compile (default-compile) @ dating-app ---
[INFO] Nothing to compile - all classes are up to date.
[INFO] 
[INFO] --- resources:3.3.1:testResources (default-testResources) @ dating-app ---
[INFO] skip non existing resourceDirectory C:\Users\tom7s\Desktopp\Claude_Folder_2\Date_Program\src\test\resources
[INFO] 
[INFO] --- compiler:3.14.1:testCompile (default-testCompile) @ dating-app ---
[INFO] Nothing to compile - all classes are up to date.
[INFO] 
[INFO] --- surefire:3.5.4:test (default-test) @ dating-app ---
[INFO] Using auto detected provider org.apache.maven.surefire.junitplatform.JUnitPlatformProvider
[INFO] 
[INFO] -------------------------------------------------------
[INFO]  T E S T S
[INFO] -------------------------------------------------------
[INFO] Running datingapp.app.cli.ProfileCreateSelectTest
[INFO] Running Select User

--- Select User ---

No users found. Create one first!


--- Select User ---

  1. Alice (INCOMPLETE)
  2. Bob (INCOMPLETE)

Select user number (or 0 to cancel): 

? Selected: Alice


--- Select User ---

  1. Alice (INCOMPLETE)

Select user number (or 0 to cancel): 

--- Select User ---

  1. Alice (INCOMPLETE)

Select user number (or 0 to cancel): 

? Invalid selection.


--- Select User ---

  1. Alice (INCOMPLETE)

Select user number (or 0 to cancel): 

? Invalid selection.


--- Select User ---

  1. Alice (INCOMPLETE)

Select user number (or 0 to cancel): 
? Invalid input.


--- Select User ---

  1. Alice (INCOMPLETE)
  2. Bob (INCOMPLETE)

Select user number (or 0 to cancel): 

? Selected: Bob

[INFO] Tests run: 7, Failures: 0, Errors: 0, Skipped: 0, Time elapsed: 2.984 s -- in Select User
[INFO] Running Create User

--- Create New User ---

Enter your name: 

? User created! ID: 0d095a44-1105-4f36-bd77-dc5555dde042
   Status: INCOMPLETE (Complete your profile to become ACTIVE)


--- Create New User ---

Enter your name: 

? User created! ID: b0d3ecff-b154-490f-aadd-9609ee5f311a
   Status: INCOMPLETE (Complete your profile to become ACTIVE)


--- Create New User ---

Enter your name: 
? Name cannot be empty.


--- Create New User ---

Enter your name: 
? Name cannot be empty.


--- Create New User ---

Enter your name: 

? User created! ID: a71d6e7b-2bd1-4b10-af87-90d3c015b9bc
   Status: INCOMPLETE (Complete your profile to become ACTIVE)

[INFO] Tests run: 4, Failures: 0, Errors: 0, Skipped: 0, Time elapsed: 0.135 s -- in Create User
[INFO] Tests run: 0, Failures: 0, Errors: 0, Skipped: 0, Time elapsed: 3.267 s -- in datingapp.app.cli.ProfileCreateSelectTest
[INFO] Running datingapp.app.cli.UserSessionTest
[INFO] Running Login State Checks
[INFO] Tests run: 6, Failures: 0, Errors: 0, Skipped: 0, Time elapsed: 0.167 s -- in Login State Checks
[INFO] Running Session State Management
[INFO] Tests run: 3, Failures: 0, Errors: 0, Skipped: 0, Time elapsed: 0.094 s -- in Session State Management
[INFO] Tests run: 0, Failures: 0, Errors: 0, Skipped: 0, Time elapsed: 0.332 s -- in datingapp.app.cli.UserSessionTest
[INFO] Running datingapp.core.AchievementServiceTest
[INFO] Running Progress Tracking Tests
[INFO] Tests run: 2, Failures: 0, Errors: 0, Skipped: 0, Time elapsed: 0.080 s -- in Progress Tracking Tests
[INFO] Running Safety Achievement Tests
[INFO] Tests run: 1, Failures: 0, Errors: 0, Skipped: 0, Time elapsed: 0.019 s -- in Safety Achievement Tests
[INFO] Running Behavior Achievement Tests
[INFO] Tests run: 3, Failures: 0, Errors: 0, Skipped: 0, Time elapsed: 0.059 s -- in Behavior Achievement Tests
[INFO] Running Profile Excellence Tests
[INFO] Tests run: 3, Failures: 0, Errors: 0, Skipped: 0, Time elapsed: 0.066 s -- in Profile Excellence Tests
[INFO] Running Matching Milestone Tests
[INFO] Tests run: 4, Failures: 0, Errors: 0, Skipped: 0, Time elapsed: 0.063 s -- in Matching Milestone Tests
[INFO] Tests run: 0, Failures: 0, Errors: 0, Skipped: 0, Time elapsed: 0.313 s -- in datingapp.core.AchievementServiceTest
[INFO] Running datingapp.core.AppConfigTest
[INFO] Running Record Immutability
[INFO] Tests run: 2, Failures: 0, Errors: 0, Skipped: 0, Time elapsed: 0.113 s -- in Record Immutability
[INFO] Running Builder Pattern
[INFO] Tests run: 3, Failures: 0, Errors: 0, Skipped: 0, Time elapsed: 0.041 s -- in Builder Pattern
[INFO] Running Default Configuration
[INFO] Tests run: 1, Failures: 0, Errors: 0, Skipped: 0, Time elapsed: 0.013 s -- in Default Configuration
[INFO] Tests run: 0, Failures: 0, Errors: 0, Skipped: 0, Time elapsed: 0.179 s -- in datingapp.core.AppConfigTest
[INFO] Running datingapp.core.CandidateFinderTest
CandidateFinder: Found 0 candidates for Seeker (from 1 active users)
CandidateFinder: Found 3 candidates for Seeker (from 3 active users)
CandidateFinder: Found 1 candidates for Seeker (from 2 active users)
CandidateFinder: Found 0 candidates for Seeker (from 1 active users)
CandidateFinder: Found 1 candidates for Seeker (from 2 active users)
CandidateFinder: Found 1 candidates for Seeker (from 2 active users)
[INFO] Running GeoUtils.distanceKm
[INFO] Tests run: 14, Failures: 0, Errors: 0, Skipped: 0, Time elapsed: 0.092 s -- in GeoUtils.distanceKm
[INFO] Tests run: 0, Failures: 0, Errors: 0, Skipped: 0, Time elapsed: 0.204 s -- in datingapp.core.CandidateFinderTest
[INFO] Running datingapp.core.CoreUtilitiesTest
[INFO] Running Match - Domain Model
[INFO] Tests run: 4, Failures: 0, Errors: 0, Skipped: 0, Time elapsed: 0.055 s -- in Match - Domain Model
[INFO] Running Interest - Enum and Category Lookups
[INFO] Tests run: 6, Failures: 0, Errors: 0, Skipped: 0, Time elapsed: 0.060 s -- in Interest - Enum and Category Lookups
[INFO] Running GeoUtils - Geographic Distance Calculations
[INFO] Tests run: 3, Failures: 0, Errors: 0, Skipped: 0, Time elapsed: 0.041 s -- in GeoUtils - Geographic Distance Calculations
[INFO] Tests run: 0, Failures: 0, Errors: 0, Skipped: 0, Time elapsed: 0.171 s -- in datingapp.core.CoreUtilitiesTest
[INFO] Running datingapp.core.DailyLimitServiceTest
[INFO] Running Edge cases
[INFO] Tests run: 3, Failures: 0, Errors: 0, Skipped: 0, Time elapsed: 0.059 s -- in Edge cases
[INFO] Running Time reset tests
[INFO] Tests run: 3, Failures: 0, Errors: 0, Skipped: 0, Time elapsed: 0.057 s -- in Time reset tests
[INFO] Running getStatus tests
[INFO] Tests run: 3, Failures: 0, Errors: 0, Skipped: 0, Time elapsed: 0.125 s -- in getStatus tests
[INFO] Running canPass tests
[INFO] Tests run: 2, Failures: 0, Errors: 0, Skipped: 0, Time elapsed: 0.041 s -- in canPass tests
[INFO] Running canLike tests
[INFO] Tests run: 4, Failures: 0, Errors: 0, Skipped: 0, Time elapsed: 0.108 s -- in canLike tests
[INFO] Tests run: 0, Failures: 0, Errors: 0, Skipped: 0, Time elapsed: 0.431 s -- in datingapp.core.DailyLimitServiceTest
[INFO] Running datingapp.core.DailyPickServiceTest
CandidateFinder: Found 3 candidates for Alice (from 4 active users)
CandidateFinder: Found 3 candidates for Alice (from 4 active users)
CandidateFinder: Found 1 candidates for Alice (from 3 active users)
CandidateFinder: Found 0 candidates for Alice (from 1 active users)
CandidateFinder: Found 0 candidates for Alice (from 2 active users)
CandidateFinder: Found 1 candidates for Alice (from 2 active users)
CandidateFinder: Found 2 candidates for Alice (from 4 active users)
CandidateFinder: Found 4 candidates for Alice (from 5 active users)
CandidateFinder: Found 4 candidates for Bob (from 5 active users)
CandidateFinder: Found 1 candidates for Alice (from 2 active users)
[INFO] Tests run: 11, Failures: 0, Errors: 0, Skipped: 0, Time elapsed: 0.217 s -- in datingapp.core.DailyPickServiceTest
[INFO] Running datingapp.core.DealbreakersEvaluatorTest
[INFO] Running Failed dealbreakers list
[INFO] Tests run: 3, Failures: 0, Errors: 0, Skipped: 0, Time elapsed: 0.048 s -- in Failed dealbreakers list
[INFO] Running Null candidate fields
[INFO] Tests run: 5, Failures: 0, Errors: 0, Skipped: 0, Time elapsed: 0.066 s -- in Null candidate fields
[INFO] Running Multiple dealbreakers
[INFO] Tests run: 2, Failures: 0, Errors: 0, Skipped: 0, Time elapsed: 0.023 s -- in Multiple dealbreakers
[INFO] Running Age difference dealbreaker
[INFO] Tests run: 3, Failures: 0, Errors: 0, Skipped: 0, Time elapsed: 0.029 s -- in Age difference dealbreaker
[INFO] Running Height dealbreaker
[INFO] Tests run: 4, Failures: 0, Errors: 0, Skipped: 0, Time elapsed: 0.047 s -- in Height dealbreaker
[INFO] Running Looking for dealbreaker
[INFO] Tests run: 2, Failures: 0, Errors: 0, Skipped: 0, Time elapsed: 0.028 s -- in Looking for dealbreaker
[INFO] Running Kids stance dealbreaker
[INFO] Tests run: 2, Failures: 0, Errors: 0, Skipped: 0, Time elapsed: 0.028 s -- in Kids stance dealbreaker
[INFO] Running Drinking dealbreaker
[INFO] Tests run: 2, Failures: 0, Errors: 0, Skipped: 0, Time elapsed: 0.024 s -- in Drinking dealbreaker
[INFO] Running Smoking dealbreaker
[INFO] Tests run: 4, Failures: 0, Errors: 0, Skipped: 0, Time elapsed: 0.052 s -- in Smoking dealbreaker
[INFO] Running No dealbreakers
[INFO] Tests run: 2, Failures: 0, Errors: 0, Skipped: 0, Time elapsed: 0.028 s -- in No dealbreakers
[INFO] Tests run: 0, Failures: 0, Errors: 0, Skipped: 0, Time elapsed: 0.421 s -- in datingapp.core.DealbreakersEvaluatorTest
[INFO] Running datingapp.core.DealbreakersTest
[INFO] Running Defensive copy tests
[INFO] Tests run: 2, Failures: 0, Errors: 0, Skipped: 0, Time elapsed: 0.018 s -- in Defensive copy tests
[INFO] Running Factory and builder tests
[INFO] Tests run: 3, Failures: 0, Errors: 0, Skipped: 0, Time elapsed: 0.029 s -- in Factory and builder tests
[INFO] Running Validation tests
[INFO] Tests run: 5, Failures: 0, Errors: 0, Skipped: 0, Time elapsed: 0.055 s -- in Validation tests
[INFO] Tests run: 0, Failures: 0, Errors: 0, Skipped: 0, Time elapsed: 0.118 s -- in datingapp.core.DealbreakersTest
[INFO] Running Edge Case Regression Tests
[INFO] Running MatchingService Edge Cases
[INFO] Tests run: 1, Failures: 0, Errors: 0, Skipped: 0, Time elapsed: 0.019 s -- in MatchingService Edge Cases
[INFO] Running CandidateFinder Edge Cases
CandidateFinder: Found 0 candidates for Seeker (from 1 active users)
CandidateFinder: Found 0 candidates for Seeker (from 0 active users)
CandidateFinder: Found 0 candidates for Seeker (from 1 active users)
[INFO] Tests run: 3, Failures: 0, Errors: 0, Skipped: 0, Time elapsed: 0.042 s -- in CandidateFinder Edge Cases
[INFO] Running Match State Transitions
[INFO] Tests run: 1, Failures: 0, Errors: 0, Skipped: 0, Time elapsed: 0.025 s -- in Match State Transitions
[INFO] Running Age Calculation
[INFO] Tests run: 3, Failures: 0, Errors: 0, Skipped: 0, Time elapsed: 0.030 s -- in Age Calculation
[INFO] Running User Data Integrity
[INFO] Tests run: 4, Failures: 0, Errors: 0, Skipped: 0, Time elapsed: 0.051 s -- in User Data Integrity
[INFO] Tests run: 0, Failures: 0, Errors: 0, Skipped: 0, Time elapsed: 0.185 s -- in Edge Case Regression Tests
[INFO] Running datingapp.core.LikerBrowserServiceTest
[INFO] Tests run: 2, Failures: 0, Errors: 0, Skipped: 0, Time elapsed: 0.054 s -- in datingapp.core.LikerBrowserServiceTest
[INFO] Running datingapp.core.MatchingServiceTest
[INFO] Running Edge Cases
[INFO] Tests run: 2, Failures: 0, Errors: 0, Skipped: 0, Time elapsed: 0.031 s -- in Edge Cases
[INFO] Running Recording Likes
[INFO] Tests run: 5, Failures: 0, Errors: 0, Skipped: 0, Time elapsed: 0.047 s -- in Recording Likes
[INFO] Tests run: 0, Failures: 0, Errors: 0, Skipped: 0, Time elapsed: 0.087 s -- in datingapp.core.MatchingServiceTest
[INFO] Running MatchQualityService Tests
[INFO] Running InterestMatcher - Format Shared Interests
[INFO] Tests run: 6, Failures: 0, Errors: 0, Skipped: 0, Time elapsed: 0.094 s -- in InterestMatcher - Format Shared Interests
[INFO] Running InterestMatcher - Compare
[INFO] Tests run: 6, Failures: 0, Errors: 0, Skipped: 0, Time elapsed: 0.090 s -- in InterestMatcher - Compare
[INFO] Running AppConfig Match Quality Weights
[INFO] Tests run: 3, Failures: 0, Errors: 0, Skipped: 0, Time elapsed: 0.060 s -- in AppConfig Match Quality Weights
[INFO] Running Progress Bar Rendering
[INFO] Tests run: 3, Failures: 0, Errors: 0, Skipped: 0, Time elapsed: 0.054 s -- in Progress Bar Rendering
[INFO] Running Highlight Generation
[INFO] Tests run: 3, Failures: 0, Errors: 0, Skipped: 0, Time elapsed: 0.063 s -- in Highlight Generation
[INFO] Running Score Calculations
[INFO] Tests run: 8, Failures: 0, Errors: 0, Skipped: 0, Time elapsed: 0.090 s -- in Score Calculations
[INFO] Tests run: 0, Failures: 0, Errors: 0, Skipped: 0, Time elapsed: 0.478 s -- in MatchQualityService Tests
[INFO] Running MatchQuality Tests
[INFO] Running Display Methods
[INFO] Tests run: 4, Failures: 0, Errors: 0, Skipped: 0, Time elapsed: 0.035 s -- in Display Methods
[INFO] Running Star Rating
[INFO] Tests run: 6, Failures: 0, Errors: 0, Skipped: 0, Time elapsed: 0.055 s -- in Star Rating
[INFO] Running Validation
[INFO] Tests run: 6, Failures: 0, Errors: 0, Skipped: 0, Time elapsed: 0.058 s -- in Validation
[INFO] Tests run: 0, Failures: 0, Errors: 0, Skipped: 0, Time elapsed: 0.161 s -- in MatchQuality Tests
[INFO] Running datingapp.core.MatchStateTest
[INFO] Running Match Utility Methods
[INFO] Tests run: 4, Failures: 0, Errors: 0, Skipped: 0, Time elapsed: 0.034 s -- in Match Utility Methods
[INFO] Running Match Reconstruction
[INFO] Tests run: 2, Failures: 0, Errors: 0, Skipped: 0, Time elapsed: 0.019 s -- in Match Reconstruction
[INFO] Running Match State Transitions
[INFO] Running Match.generateId
[INFO] Tests run: 13, Failures: 0, Errors: 0, Skipped: 0, Time elapsed: 0.015 s -- in Match.generateId
[INFO] Tests run: 0, Failures: 0, Errors: 0, Skipped: 0, Time elapsed: 0.115 s -- in Match State Transitions
[INFO] Tests run: 0, Failures: 0, Errors: 0, Skipped: 0, Time elapsed: 0.178 s -- in datingapp.core.MatchStateTest
[INFO] Running Messaging Domain Tests
[INFO] Running Conversation Entity
[INFO] Running Validation
[INFO] Tests run: 3, Failures: 0, Errors: 0, Skipped: 0, Time elapsed: 0.041 s -- in Validation
[INFO] Running Timestamp Updates
[INFO] Tests run: 4, Failures: 0, Errors: 0, Skipped: 0, Time elapsed: 0.050 s -- in Timestamp Updates
[INFO] Running User Queries
[INFO] Tests run: 4, Failures: 0, Errors: 0, Skipped: 0, Time elapsed: 0.039 s -- in User Queries
[INFO] Running generateId
[INFO] Tests run: 2, Failures: 0, Errors: 0, Skipped: 0, Time elapsed: 0.025 s -- in generateId
[INFO] Running Conversation Creation
[INFO] Tests run: 2, Failures: 0, Errors: 0, Skipped: 0, Time elapsed: 0.028 s -- in Conversation Creation
[INFO] Tests run: 0, Failures: 0, Errors: 0, Skipped: 0, Time elapsed: 0.199 s -- in Conversation Entity
[INFO] Running Message Entity
[INFO] Running Message Validation
[INFO] Tests run: 7, Failures: 0, Errors: 0, Skipped: 0, Time elapsed: 0.081 s -- in Message Validation
[INFO] Running Message Creation
[INFO] Tests run: 5, Failures: 0, Errors: 0, Skipped: 0, Time elapsed: 0.058 s -- in Message Creation
[INFO] Tests run: 0, Failures: 0, Errors: 0, Skipped: 0, Time elapsed: 0.147 s -- in Message Entity
[INFO] Tests run: 0, Failures: 0, Errors: 0, Skipped: 0, Time elapsed: 0.365 s -- in Messaging Domain Tests
[INFO] Running MessagingService Tests
[INFO] Running getOrCreateConversation
[INFO] Tests run: 2, Failures: 0, Errors: 0, Skipped: 0, Time elapsed: 0.034 s -- in getOrCreateConversation
[INFO] Running getConversations
[INFO] Tests run: 4, Failures: 0, Errors: 0, Skipped: 0, Time elapsed: 0.045 s -- in getConversations
[INFO] Running getTotalUnreadCount
[INFO] Tests run: 2, Failures: 0, Errors: 0, Skipped: 0, Time elapsed: 0.022 s -- in getTotalUnreadCount
[INFO] Running getUnreadCount
[INFO] Tests run: 4, Failures: 0, Errors: 0, Skipped: 0, Time elapsed: 0.039 s -- in getUnreadCount
[INFO] Running markAsRead
[INFO] Tests run: 2, Failures: 0, Errors: 0, Skipped: 0, Time elapsed: 0.025 s -- in markAsRead
[INFO] Running canMessage
[INFO] Tests run: 3, Failures: 0, Errors: 0, Skipped: 0, Time elapsed: 0.039 s -- in canMessage
[INFO] Running getMessages
[INFO] Tests run: 2, Failures: 0, Errors: 0, Skipped: 0, Time elapsed: 0.047 s -- in getMessages
[INFO] Running sendMessage
[INFO] Tests run: 9, Failures: 0, Errors: 0, Skipped: 0, Time elapsed: 0.129 s -- in sendMessage
[INFO] Tests run: 0, Failures: 0, Errors: 0, Skipped: 0, Time elapsed: 0.405 s -- in MessagingService Tests
[INFO] Running datingapp.core.NestedTypeVisibilityTest
[INFO] Tests run: 4, Failures: 0, Errors: 0, Skipped: 0, Time elapsed: 0.089 s -- in datingapp.core.NestedTypeVisibilityTest
[INFO] Running datingapp.core.PaceCompatibilityTest
[INFO] Tests run: 7, Failures: 0, Errors: 0, Skipped: 0, Time elapsed: 0.061 s -- in datingapp.core.PaceCompatibilityTest
[INFO] Running ProfileCompletionService
[INFO] Running renderProgressBar()
[INFO] Tests run: 3, Failures: 0, Errors: 0, Skipped: 0, Time elapsed: 0.036 s -- in renderProgressBar()
[INFO] Running CompletionResult
[INFO] Tests run: 2, Failures: 0, Errors: 0, Skipped: 0, Time elapsed: 0.039 s -- in CompletionResult
[INFO] Running calculate()
[INFO] Tests run: 6, Failures: 0, Errors: 0, Skipped: 0, Time elapsed: 0.056 s -- in calculate()
[INFO] Tests run: 0, Failures: 0, Errors: 0, Skipped: 0, Time elapsed: 0.145 s -- in ProfileCompletionService
[INFO] Running User.ProfileNote
[INFO] Running getPreview()
[INFO] Tests run: 2, Failures: 0, Errors: 0, Skipped: 0, Time elapsed: 0.018 s -- in getPreview()
[INFO] Running withContent()
[INFO] Tests run: 2, Failures: 0, Errors: 0, Skipped: 0, Time elapsed: 0.018 s -- in withContent()
[INFO] Running create()
[INFO] Tests run: 7, Failures: 0, Errors: 0, Skipped: 0, Time elapsed: 0.058 s -- in create()
[INFO] Tests run: 0, Failures: 0, Errors: 0, Skipped: 0, Time elapsed: 0.107 s -- in User.ProfileNote
[INFO] Running datingapp.core.ProfilePreviewServiceTest
[INFO] Tests run: 13, Failures: 0, Errors: 0, Skipped: 0, Time elapsed: 0.171 s -- in datingapp.core.ProfilePreviewServiceTest
[INFO] Running datingapp.core.RelationshipTransitionServiceTest
[INFO] Tests run: 8, Failures: 0, Errors: 0, Skipped: 0, Time elapsed: 0.122 s -- in datingapp.core.RelationshipTransitionServiceTest
[INFO] Running ServiceRegistry
[INFO] Running Config Getter
[INFO] Tests run: 2, Failures: 0, Errors: 0, Skipped: 0, Time elapsed: 0.016 s -- in Config Getter
[INFO] Running Service Getters
[INFO] Tests run: 12, Failures: 0, Errors: 0, Skipped: 0, Time elapsed: 0.094 s -- in Service Getters
[INFO] Running Storage Getters
[INFO] Tests run: 9, Failures: 0, Errors: 0, Skipped: 0, Time elapsed: 0.087 s -- in Storage Getters
[INFO] Running Builder.buildH2
[INFO] Tests run: 3, Failures: 0, Errors: 0, Skipped: 0, Time elapsed: 0.075 s -- in Builder.buildH2
[INFO] Tests run: 0, Failures: 0, Errors: 0, Skipped: 0, Time elapsed: 3.400 s -- in ServiceRegistry
[INFO] Running datingapp.core.SessionServiceTest
[INFO] Running History and aggregates tests
[INFO] Tests run: 2, Failures: 0, Errors: 0, Skipped: 0, Time elapsed: 0.111 s -- in History and aggregates tests
[INFO] Running Session ending tests
[INFO] Tests run: 1, Failures: 0, Errors: 0, Skipped: 0, Time elapsed: 0.031 s -- in Session ending tests
[INFO] Running Swipe recording tests
[INFO] Tests run: 2, Failures: 0, Errors: 0, Skipped: 0, Time elapsed: 0.064 s -- in Swipe recording tests
[INFO] Running Session creation tests
[INFO] Tests run: 3, Failures: 0, Errors: 0, Skipped: 0, Time elapsed: 0.045 s -- in Session creation tests
[INFO] Tests run: 0, Failures: 0, Errors: 0, Skipped: 0, Time elapsed: 0.299 s -- in datingapp.core.SessionServiceTest
[INFO] Running datingapp.core.StatsMetricsTest
[INFO] Running UserStats Domain Model
[INFO] Running Display formatting tests
[INFO] Tests run: 2, Failures: 0, Errors: 0, Skipped: 0, Time elapsed: 0.033 s -- in Display formatting tests
[INFO] Running Builder tests
[INFO] Tests run: 2, Failures: 0, Errors: 0, Skipped: 0, Time elapsed: 0.022 s -- in Builder tests
[INFO] Running Validation tests
[INFO] Tests run: 3, Failures: 0, Errors: 0, Skipped: 0, Time elapsed: 0.031 s -- in Validation tests
[INFO] Tests run: 0, Failures: 0, Errors: 0, Skipped: 0, Time elapsed: 0.097 s -- in UserStats Domain Model
[INFO] Running UserAchievement Domain Model
[INFO] Tests run: 8, Failures: 0, Errors: 0, Skipped: 0, Time elapsed: 0.065 s -- in UserAchievement Domain Model
[INFO] Running PlatformStats Domain Model
[INFO] Tests run: 7, Failures: 0, Errors: 0, Skipped: 0, Time elapsed: 0.050 s -- in PlatformStats Domain Model
[INFO] Tests run: 0, Failures: 0, Errors: 0, Skipped: 0, Time elapsed: 0.223 s -- in datingapp.core.StatsMetricsTest
[INFO] Running StatsService
[INFO] Running getPlatformStats
[INFO] Tests run: 2, Failures: 0, Errors: 0, Skipped: 0, Time elapsed: 0.020 s -- in getPlatformStats
[INFO] Running computeAndSavePlatformStats
[INFO] Tests run: 3, Failures: 0, Errors: 0, Skipped: 0, Time elapsed: 0.042 s -- in computeAndSavePlatformStats
[INFO] Running getStats
[INFO] Tests run: 2, Failures: 0, Errors: 0, Skipped: 0, Time elapsed: 0.014 s -- in getStats
[INFO] Running getOrComputeStats
[INFO] Tests run: 2, Failures: 0, Errors: 0, Skipped: 0, Time elapsed: 0.019 s -- in getOrComputeStats
[INFO] Running computeAndSaveStats
[INFO] Tests run: 9, Failures: 0, Errors: 0, Skipped: 0, Time elapsed: 0.054 s -- in computeAndSaveStats
[INFO] Tests run: 0, Failures: 0, Errors: 0, Skipped: 0, Time elapsed: 0.167 s -- in StatsService
[INFO] Running datingapp.core.SwipeSessionTest
[INFO] Running Large dataset tests
[INFO] Tests run: 3, Failures: 0, Errors: 0, Skipped: 0, Time elapsed: 0.018 s -- in Large dataset tests
[INFO] Running Getter validation tests
[INFO] Tests run: 3, Failures: 0, Errors: 0, Skipped: 0, Time elapsed: 0.022 s -- in Getter validation tests
[INFO] Running Timeout boundary tests
[INFO] Tests run: 3, Failures: 0, Errors: 0, Skipped: 0, Time elapsed: 0.020 s -- in Timeout boundary tests
[INFO] Running Computed properties edge cases
[INFO] Tests run: 6, Failures: 0, Errors: 0, Skipped: 0, Time elapsed: 0.035 s -- in Computed properties edge cases
[INFO] Running State validation tests
[INFO] Tests run: 4, Failures: 0, Errors: 0, Skipped: 0, Time elapsed: 0.028 s -- in State validation tests
[INFO] Running Edge case swipe tests
[INFO] Tests run: 5, Failures: 0, Errors: 0, Skipped: 0, Time elapsed: 0.040 s -- in Edge case swipe tests
[INFO] Running Equality tests
[INFO] Tests run: 4, Failures: 0, Errors: 0, Skipped: 0, Time elapsed: 0.027 s -- in Equality tests
[INFO] Running Computed properties tests
[INFO] Tests run: 6, Failures: 0, Errors: 0, Skipped: 0, Time elapsed: 0.052 s -- in Computed properties tests
[INFO] Running Timeout tests
[INFO] Tests run: 3, Failures: 0, Errors: 0, Skipped: 0, Time elapsed: 0.038 s -- in Timeout tests
[INFO] Running Session ending tests
[INFO] Tests run: 2, Failures: 0, Errors: 0, Skipped: 0, Time elapsed: 0.028 s -- in Session ending tests
[INFO] Running Swipe recording tests
[INFO] Tests run: 6, Failures: 0, Errors: 0, Skipped: 0, Time elapsed: 0.050 s -- in Swipe recording tests
[INFO] Running Creation tests
[INFO] Tests run: 1, Failures: 0, Errors: 0, Skipped: 0, Time elapsed: 0.018 s -- in Creation tests
[INFO] Tests run: 0, Failures: 0, Errors: 0, Skipped: 0, Time elapsed: 0.416 s -- in datingapp.core.SwipeSessionTest
[INFO] Running TrustSafetyService
[INFO] Running Verification Code
[INFO] Tests run: 2, Failures: 0, Errors: 0, Skipped: 0, Time elapsed: 0.021 s -- in Verification Code
[INFO] Running Report Functionality
[INFO] Running Unblock Functionality
User 57ce1457-ae0a-4e82-82cc-4abfb309124f unblocked user c5e01130-213f-458c-8900-81eb467fa4bf
[INFO] Tests run: 4, Failures: 0, Errors: 0, Skipped: 0, Time elapsed: 0.099 s -- in Unblock Functionality
[INFO] Running Validation Errors
[INFO] Tests run: 3, Failures: 0, Errors: 0, Skipped: 0, Time elapsed: 0.064 s -- in Validation Errors
[INFO] Running Auto-Ban Logic
[INFO] Tests run: 2, Failures: 0, Errors: 0, Skipped: 0, Time elapsed: 0.044 s -- in Auto-Ban Logic
[INFO] Running Successful Reports
[INFO] Tests run: 3, Failures: 0, Errors: 0, Skipped: 0, Time elapsed: 0.049 s -- in Successful Reports
[INFO] Tests run: 0, Failures: 0, Errors: 0, Skipped: 0, Time elapsed: 0.298 s -- in Report Functionality
[INFO] Tests run: 0, Failures: 0, Errors: 0, Skipped: 0, Time elapsed: 0.325 s -- in TrustSafetyService
[INFO] Running UndoService
[INFO] Running clearUndo
[INFO] Tests run: 2, Failures: 0, Errors: 0, Skipped: 0, Time elapsed: 0.045 s -- in clearUndo
[INFO] Running undo
[INFO] Tests run: 8, Failures: 0, Errors: 0, Skipped: 0, Time elapsed: 0.164 s -- in undo
[INFO] Running getSecondsRemaining
[INFO] Tests run: 3, Failures: 0, Errors: 0, Skipped: 0, Time elapsed: 0.034 s -- in getSecondsRemaining
[INFO] Running canUndo
[INFO] Tests run: 4, Failures: 0, Errors: 0, Skipped: 0, Time elapsed: 0.032 s -- in canUndo
[INFO] Running recordSwipe
[INFO] Tests run: 3, Failures: 0, Errors: 0, Skipped: 0, Time elapsed: 0.037 s -- in recordSwipe
[INFO] Tests run: 0, Failures: 0, Errors: 0, Skipped: 0, Time elapsed: 0.335 s -- in UndoService
[INFO] Running datingapp.core.UserInteractionsTest
[INFO] Running Report Domain Model
[INFO] Tests run: 10, Failures: 0, Errors: 0, Skipped: 0, Time elapsed: 0.105 s -- in Report Domain Model
[INFO] Running Block Domain Model
[INFO] Tests run: 8, Failures: 0, Errors: 0, Skipped: 0, Time elapsed: 0.062 s -- in Block Domain Model
[INFO] Running Like Domain Model
[INFO] Tests run: 12, Failures: 0, Errors: 0, Skipped: 0, Time elapsed: 0.088 s -- in Like Domain Model
[INFO] Tests run: 0, Failures: 0, Errors: 0, Skipped: 0, Time elapsed: 0.263 s -- in datingapp.core.UserInteractionsTest
[INFO] Running datingapp.core.UserTest
[INFO] Running StorageBuilder
[INFO] Tests run: 18, Failures: 0, Errors: 0, Skipped: 0, Time elapsed: 0.017 s -- in StorageBuilder
[INFO] Running ProfileNote
[INFO] Tests run: 14, Failures: 0, Errors: 0, Skipped: 0, Time elapsed: 0.095 s -- in ProfileNote
[INFO] Tests run: 0, Failures: 0, Errors: 0, Skipped: 0, Time elapsed: 0.216 s -- in datingapp.core.UserTest
[INFO] Running datingapp.core.ValidationServiceTest
[INFO] Running Location Validation
[INFO] Tests run: 10, Failures: 0, Errors: 0, Skipped: 0, Time elapsed: 0.057 s -- in Location Validation
[INFO] Running Age Range Validation
[INFO] Tests run: 7, Failures: 0, Errors: 0, Skipped: 0, Time elapsed: 0.041 s -- in Age Range Validation
[INFO] Running Bio Validation
[INFO] Tests run: 5, Failures: 0, Errors: 0, Skipped: 0, Time elapsed: 0.041 s -- in Bio Validation
[INFO] Running Distance Validation
[INFO] Tests run: 6, Failures: 0, Errors: 0, Skipped: 0, Time elapsed: 0.045 s -- in Distance Validation
[INFO] Running Height Validation
[INFO] Tests run: 5, Failures: 0, Errors: 0, Skipped: 0, Time elapsed: 0.054 s -- in Height Validation
[INFO] Running Age Validation
[INFO] Tests run: 5, Failures: 0, Errors: 0, Skipped: 0, Time elapsed: 0.037 s -- in Age Validation
[INFO] Running Name Validation
[INFO] Tests run: 5, Failures: 0, Errors: 0, Skipped: 0, Time elapsed: 0.034 s -- in Name Validation
[INFO] Tests run: 0, Failures: 0, Errors: 0, Skipped: 0, Time elapsed: 0.328 s -- in datingapp.core.ValidationServiceTest
[INFO] Running JavaFX CSS Validation
⌠ß°╫ 05, 2026 12:00:02 PM com.sun.javafx.application.PlatformImpl startup
WARNING: Unsupported JavaFX configuration: classes were loaded from 'unnamed module @5af97850'
[INFO] Tests run: 4, Failures: 0, Errors: 0, Skipped: 0, Time elapsed: 4.990 s -- in JavaFX CSS Validation
[INFO] 
[INFO] Results:
[INFO] 
[INFO] Tests run: 588, Failures: 0, Errors: 0, Skipped: 0
[INFO] 
[INFO] 
[INFO] --- jacoco:0.8.14:report (report) @ dating-app ---
[INFO] Loading execution data file C:\Users\tom7s\Desktopp\Claude_Folder_2\Date_Program\target\jacoco.exec
[INFO] Analyzed bundle 'Dating App' with 192 classes
[INFO] ------------------------------------------------------------------------
[INFO] BUILD SUCCESS
[INFO] ------------------------------------------------------------------------
[INFO] Total time:  37.548 s
[INFO] Finished at: 2026-02-05T12:00:11+02:00
[INFO] ------------------------------------------------------------------------
