[INFO] Scanning for projects...
[INFO] 
[INFO] ----------------------< com.datingapp:dating-app >----------------------
[INFO] Building Dating App 1.0.0
[INFO]   from pom.xml
[INFO] --------------------------------[ jar ]---------------------------------
[INFO] 
[INFO] --- checkstyle:3.6.0:check (checkstyle-check) @ dating-app ---
[INFO] Starting audit...
Audit done.
[INFO] You have 0 Checkstyle violations.
[INFO] 
[INFO] --- jacoco:0.8.14:prepare-agent (prepare-agent) @ dating-app ---
[INFO] argLine set to -javaagent:C:\\Users\\tom7s\\.m2\\repository\\org\\jacoco\\org.jacoco.agent\\0.8.14\\org.jacoco.agent-0.8.14-runtime.jar=destfile=C:\\Users\\tom7s\\Desktopp\\Claude_Folder_2\\Date_Program\\target\\jacoco.exec
[INFO] 
[INFO] --- resources:3.3.1:resources (default-resources) @ dating-app ---
[INFO] Copying 13 resources from src\main\resources to target\classes
[INFO] 
[INFO] --- compiler:3.15.0:compile (default-compile) @ dating-app ---
[INFO] Nothing to compile - all classes are up to date.
[INFO] 
[INFO] --- resources:3.3.1:testResources (default-testResources) @ dating-app ---
[INFO] Copying 1 resource from src\test\resources to target\test-classes
[INFO] 
[INFO] --- compiler:3.15.0:testCompile (default-testCompile) @ dating-app ---
[INFO] Nothing to compile - all classes are up to date.
[INFO] 
[INFO] --- surefire:3.5.4:test (default-test) @ dating-app ---
[INFO] Using auto detected provider org.apache.maven.surefire.junitplatform.JUnitPlatformProvider
[INFO] 
[INFO] -------------------------------------------------------
[INFO]  T E S T S
[INFO] -------------------------------------------------------
[INFO] Running REST API DTOs
[INFO] Running RestApiServer.HealthResponse
[INFO] Tests run: 1, Failures: 0, Errors: 0, Skipped: 0, Time elapsed: 0.119 s -- in RestApiServer.HealthResponse
[INFO] Running RestApiServer.ErrorResponse
[INFO] Tests run: 1, Failures: 0, Errors: 0, Skipped: 0, Time elapsed: 0.016 s -- in RestApiServer.ErrorResponse
[INFO] Running RestApiServer.MessageDto
[INFO] Tests run: 1, Failures: 0, Errors: 0, Skipped: 0, Time elapsed: 0.109 s -- in RestApiServer.MessageDto
[INFO] Tests run: 0, Failures: 0, Errors: 0, Skipped: 0, Time elapsed: 0.302 s -- in REST API DTOs
[INFO] Running EnumMenu
[INFO] Running promptMultiple

Pick: (comma-separated, e.g., 1,2,3)
  1. First
  2. Second
  3. Third
  0. Clear/None
Your choices: 

Pick: (comma-separated, e.g., 1,2,3)
  1. First
  2. Second
  3. Third
  0. Clear/None
Your choices: 

Pick: (comma-separated, e.g., 1,2,3)
  1. First
  2. Second
  3. Third
  0. Clear/None
Your choices: 
[INFO] Tests run: 3, Failures: 0, Errors: 0, Skipped: 0, Time elapsed: 1.053 s -- in promptMultiple
[INFO] Running prompt

Pick:
  1. First
  2. Second
  3. Third
  0. Skip
Your choice: 

Pick:
  1. First
  2. Second
  3. Third
  0. Skip
Your choice: 
?? Invalid selection, skipping.

Pick:
  1. First
  2. Second
  3. Third
Your choice: 
[INFO] Tests run: 3, Failures: 0, Errors: 0, Skipped: 0, Time elapsed: 0.025 s -- in prompt
[INFO] Tests run: 0, Failures: 0, Errors: 0, Skipped: 0, Time elapsed: 1.090 s -- in EnumMenu
[INFO] Running datingapp.app.cli.LikerBrowserHandlerTest
[INFO] Running Browse Who Liked Me

No new likes yet.


--- Who Liked Me (1 pending) ---

???????????????????????????????????????????
? ? Liker, 36 years old
? ? Liked you 0s ago
? ? Location: 0.0, 0.0
? ? Test bio for Liker
???????????????????????????????????????????

1. Like back
2. Pass
0. Stop

Choice: 
? Saved.


End of list.


--- Who Liked Me (1 pending) ---

???????????????????????????????????????????
? ? Liker, 36 years old
? ? Liked you 0s ago
? ? Location: 0.0, 0.0
? ? Test bio for Liker
???????????????????????????????????????????

1. Like back
2. Pass
0. Stop

Choice: 

No new likes yet.


--- Who Liked Me (1 pending) ---

???????????????????????????????????????????
? ? Liker, 36 years old
? ? Liked you 0s ago
? ? Location: 0.0, 0.0
? ? Test bio for Liker
???????????????????????????????????????????

1. Like back
2. Pass
0. Stop

Choice: 
? Saved.


End of list.


--- Who Liked Me (1 pending) ---

???????????????????????????????????????????
? ? Liker, 36 years old
? ? Liked you 0s ago
? ? Location: 0.0, 0.0
? ? Test bio for Liker
???????????????????????????????????????????

1. Like back
2. Pass
0. Stop

Choice: 

? Invalid selection.


End of list.


--- Who Liked Me (1 pending) ---

???????????????????????????????????????????
? ? VerifiedUser, 36 years old ? Verified
? ? Liked you 0s ago
? ? Location: 0.0, 0.0
? ? Test bio for VerifiedUser
???????????????????????????????????????????

1. Like back
2. Pass
0. Stop

Choice: 

No new likes yet.


--- Who Liked Me (1 pending) ---

???????????????????????????????????????????
? ? BioPerson, 36 years old
? ? Liked you 0s ago
? ? Location: 0.0, 0.0
? ? I love hiking and traveling around the world ex...
???????????????????????????????????????????

1. Like back
2. Pass
0. Stop

Choice: 

No new likes yet.


--- Who Liked Me (1 pending) ---

???????????????????????????????????????????
? ? Liker, 36 years old
? ? Liked you 0s ago
? ? Location: 0.0, 0.0
? ? Test bio for Liker
???????????????????????????????????????????

1. Like back
2. Pass
0. Stop

Choice: 
? Saved.


End of list.


--- Who Liked Me (2 pending) ---

???????????????????????????????????????????
? ? Liker2, 36 years old
? ? Liked you 0s ago
? ? Location: 0.0, 0.0
? ? Test bio for Liker2
???????????????????????????????????????????

1. Like back
2. Pass
0. Stop

Choice: 

--- Who Liked Me (1 pending) ---

???????????????????????????????????????????
? ? Liker, 36 years old
? ? Liked you 0s ago
? ? Location: 0.0, 0.0
? ? Test bio for Liker
???????????????????????????????????????????

1. Like back
2. Pass
0. Stop

Choice: 
? Saved.


End of list.


No new likes yet.


??  Please select or create a user first.

[INFO] Tests run: 15, Failures: 0, Errors: 0, Skipped: 0, Time elapsed: 0.216 s -- in Browse Who Liked Me
[INFO] Tests run: 0, Failures: 0, Errors: 0, Skipped: 0, Time elapsed: 0.220 s -- in datingapp.app.cli.LikerBrowserHandlerTest
[INFO] Running datingapp.app.cli.MessagingHandlerTest
[INFO] Running Unread Count
[INFO] Tests run: 2, Failures: 0, Errors: 0, Skipped: 0, Time elapsed: 1.725 s -- in Unread Count
[INFO] Running View Conversation

???????????????????????????????????????
       ? YOUR CONVERSATIONS
???????????????????????????????????????
1. OtherMsgUser9ef7874e-e9ff-4d6a-b0ee-dd0b533dabb0 � never

???????????????????????????????????????
[#] Select conversation  [B] Back
> 

???????????????????????????????????????
       ? Conversation with OtherMsgUser9ef7874e-e9ff-4d6a-b0ee-dd0b533dabb0
???????????????????????????????????????

  No messages yet. Start the conversation!
???????????????????????????????????????
Commands: /back  /older  /block  /unmatch

Type your message:
> 

???????????????????????????????????????
       ? YOUR CONVERSATIONS
???????????????????????????????????????
1. OtherMsgUser9ef7874e-e9ff-4d6a-b0ee-dd0b533dabb0 � never

???????????????????????????????????????
[#] Select conversation  [B] Back
> 

???????????????????????????????????????
       ? YOUR CONVERSATIONS
???????????????????????????????????????
1. OtherUser7b07a4c3-04ec-482a-a131-6fab94acea04 � never

???????????????????????????????????????
[#] Select conversation  [B] Back
> 

???????????????????????????????????????
       ? Conversation with OtherUser7b07a4c3-04ec-482a-a131-6fab94acea04
???????????????????????????????????????

  No messages yet. Start the conversation!
???????????????????????????????????????
Commands: /back  /older  /block  /unmatch

Type your message:
> 

???????????????????????????????????????
       ? YOUR CONVERSATIONS
???????????????????????????????????????
1. OtherUser7b07a4c3-04ec-482a-a131-6fab94acea04 � never

???????????????????????????????????????
[#] Select conversation  [B] Back
> 
[INFO] Tests run: 2, Failures: 0, Errors: 0, Skipped: 0, Time elapsed: 0.390 s -- in View Conversation
[INFO] Running Show Conversations

???????????????????????????????????????
       ? YOUR CONVERSATIONS
???????????????????????????????????????
1. OtherUser � never

???????????????????????????????????????
[#] Select conversation  [B] Back
> 

???????????????????????????????????????
       ? Conversation with OtherUser
???????????????????????????????????????

  No messages yet. Start the conversation!
???????????????????????????????????????
Commands: /back  /older  /block  /unmatch

Type your message:
> 

???????????????????????????????????????
       ? YOUR CONVERSATIONS
???????????????????????????????????????
1. OtherUser � never

???????????????????????????????????????
[#] Select conversation  [B] Back
> 

??  Please select or create a user first.


???????????????????????????????????????
       ? YOUR CONVERSATIONS
???????????????????????????????????????

  No conversations yet.
  Start by matching with someone and send a message!

???????????????????????????????????????
[B] Back
> 

???????????????????????????????????????
       ? YOUR CONVERSATIONS
???????????????????????????????????????

  No conversations yet.
  Start by matching with someone and send a message!

???????????????????????????????????????
[B] Back
> 
[INFO] Tests run: 4, Failures: 0, Errors: 0, Skipped: 0, Time elapsed: 0.111 s -- in Show Conversations
[INFO] Tests run: 0, Failures: 0, Errors: 0, Skipped: 0, Time elapsed: 3.030 s -- in datingapp.app.cli.MessagingHandlerTest
[INFO] Running datingapp.app.cli.ProfileCreateSelectTest
[INFO] Running Select User

--- Select User ---

No users found. Create one first!


--- Select User ---

  1. Alice (INCOMPLETE)
  2. Bob (INCOMPLETE)

Select user number (or 0 to cancel): 

? Selected: Alice


--- Select User ---

  1. Alice (INCOMPLETE)

Select user number (or 0 to cancel): 

--- Select User ---

  1. Alice (INCOMPLETE)

Select user number (or 0 to cancel): 

? Invalid selection.


--- Select User ---

  1. Alice (INCOMPLETE)

Select user number (or 0 to cancel): 

? Invalid selection.


--- Select User ---

  1. Alice (INCOMPLETE)

Select user number (or 0 to cancel): 
? Invalid input.


--- Select User ---

  1. Alice (INCOMPLETE)
  2. Bob (INCOMPLETE)

Select user number (or 0 to cancel): 

? Selected: Bob

[INFO] Tests run: 7, Failures: 0, Errors: 0, Skipped: 0, Time elapsed: 0.137 s -- in Select User
[INFO] Running Create User

--- Create New User ---

Enter your name: 

? User created! ID: aaf3407d-0ac5-4677-a22c-9f26ae8c7653
   Status: INCOMPLETE (Complete your profile to become ACTIVE)


--- Create New User ---

Enter your name: 

? User created! ID: cbb395b8-87fa-40f3-b78f-f48fdcf2620d
   Status: INCOMPLETE (Complete your profile to become ACTIVE)


--- Create New User ---

Enter your name: 
? Name cannot be empty.


--- Create New User ---

Enter your name: 
? Name cannot be empty.


--- Create New User ---

Enter your name: 

? User created! ID: aa24afcc-499e-433b-a9b6-3ad6f253d39a
   Status: INCOMPLETE (Complete your profile to become ACTIVE)

[INFO] Tests run: 4, Failures: 0, Errors: 0, Skipped: 0, Time elapsed: 0.028 s -- in Create User
[INFO] Tests run: 0, Failures: 0, Errors: 0, Skipped: 0, Time elapsed: 0.169 s -- in datingapp.app.cli.ProfileCreateSelectTest
[INFO] Running datingapp.app.cli.ProfileNotesHandlerTest
[INFO] Running Note Preview and Has Note
[INFO] Tests run: 4, Failures: 0, Errors: 0, Skipped: 0, Time elapsed: 0.023 s -- in Note Preview and Has Note
[INFO] Running View All Notes

???????????????????????????????????????
         ? MY PROFILE NOTES
???????????????????????????????????????

You have 5 note(s):

  1. Person3 - "Note 3"
  2. Person2 - "Note 2"
  3. Person0 - "Note 0"
  4. Person1 - "Note 1"
  5. Person4 - "Note 4"

Enter number to view/edit, or 0 to go back:
Choice: 

??  Please select or create a user first.


???????????????????????????????????????
         ? MY PROFILE NOTES
???????????????????????????????????????

You have 2 note(s):

  1. SecondNote - "Second note"
  2. FirstNote - "First note"

Enter number to view/edit, or 0 to go back:
Choice: 

???????????????????????????????????????
         ? MY PROFILE NOTES
???????????????????????????????????????

You haven't added any notes yet.
Tip: Add notes when viewing matches to remember details!


???????????????????????????????????????
         ? MY PROFILE NOTES
???????????????????????????????????????

You have 1 note(s):

  1. (deleted user) - "Note for deleted user"

Enter number to view/edit, or 0 to go back:
Choice: 

???????????????????????????????????????
         ? MY PROFILE NOTES
???????????????????????????????????????

You have 2 note(s):

  1. Person1 - "Note for person 1"
  2. Person2 - "Note for person 2"

Enter number to view/edit, or 0 to go back:
Choice: 
[INFO] Tests run: 6, Failures: 0, Errors: 0, Skipped: 0, Time elapsed: 0.036 s -- in View All Notes
[INFO] Running Manage Note For User

???????????????????????????????????????
       ? NOTES ABOUT TARGET
???????????????????????????????????????

Current note:
"Note to delete"

  1. Edit note
  2. Delete note
  0. Back

Choice: 
Delete note about Target? (y/n): 
? Note deleted.


???????????????????????????????????????
       ? NOTES ABOUT TARGET
???????????????????????????????????????

Current note:
"Great conversation partner!"

  1. Edit note
  2. Delete note
  0. Back

Choice: 

??  Please select or create a user first.


???????????????????????????????????????
       ? NOTES ABOUT TARGET
???????????????????????????????????????

No notes yet.
  1. Add a note
  0. Back

Choice: 

Enter your note about Target (max 500 chars):
Examples: "Met at coffee shop", "Loves hiking", "Dinner Thursday 7pm"

Note: 
??  Note cannot be empty.

???????????????????????????????????????
       ? NOTES ABOUT TARGET
???????????????????????????????????????

No notes yet.
  1. Add a note
  0. Back

Choice: 

???????????????????????????????????????
       ? NOTES ABOUT TARGET
???????????????????????????????????????

Current note:
"Keep this note"

  1. Edit note
  2. Delete note
  0. Back

Choice: 
Delete note about Target? (y/n): 
Cancelled.


???????????????????????????????????????
       ? NOTES ABOUT TARGET
???????????????????????????????????????

Current note:
"Old note"

  1. Edit note
  2. Delete note
  0. Back

Choice: 

Current note: "Old note"

Enter new note (or press Enter to keep current):
Note: 
? Note updated!


???????????????????????????????????????
       ? NOTES ABOUT TARGET
???????????????????????????????????????

No notes yet.
  1. Add a note
  0. Back

Choice: 

???????????????????????????????????????
       ? NOTES ABOUT TARGET
???????????????????????????????????????

No notes yet.
  1. Add a note
  0. Back

Choice: 

Enter your note about Target (max 500 chars):
Examples: "Met at coffee shop", "Loves hiking", "Dinner Thursday 7pm"

Note: 
? Note saved!

[INFO] Tests run: 9, Failures: 0, Errors: 0, Skipped: 0, Time elapsed: 0.049 s -- in Manage Note For User
[INFO] Tests run: 0, Failures: 0, Errors: 0, Skipped: 0, Time elapsed: 0.114 s -- in datingapp.app.cli.ProfileNotesHandlerTest
[INFO] Running datingapp.app.cli.RelationshipHandlerTest
[INFO] Running View Notifications

?? Please log in first.


--- YOUR NOTIFICATIONS ---
? [2026-02-11T20:33:31.738266900Z] New Message: You received a new message!
--------------------------

Press Enter to continue...

--- YOUR NOTIFICATIONS ---
? [2026-02-11T20:33:31.744273200Z] New Match!: You have a new match!
--------------------------

Press Enter to continue...

No notifications.


--- YOUR NOTIFICATIONS ---
? [2026-02-11T20:33:31.755354900Z] Match 1: You matched!
? [2026-02-11T20:33:31.755354900Z] Message: New message!
? [2026-02-11T20:33:31.755354900Z] Friend Request: Someone wants to be friends!
--------------------------

Press Enter to continue...
[INFO] Tests run: 5, Failures: 0, Errors: 0, Skipped: 0, Time elapsed: 0.030 s -- in View Notifications
[INFO] Running View Pending Requests

--- PENDING FRIEND REQUESTS ---
  1. From: OtherUser (Received: 2026-02-11T20:33:31.765420900Z)

Enter request number to respond (or 'b' to go back): 

--- PENDING FRIEND REQUESTS ---
  1. From: OtherUser (Received: 2026-02-11T20:33:31.770399800Z)

Enter request number to respond (or 'b' to go back): 

Friend Request from OtherUser
Do you want to (A)ccept or (D)ecline? 
Declined friend request from OtherUser.


?? Please log in first.


--- PENDING FRIEND REQUESTS ---
  1. From: OtherUser (Received: 2026-02-11T20:33:31.777403700Z)

Enter request number to respond (or 'b' to go back): 
Invalid selection.

--- PENDING FRIEND REQUESTS ---
  1. From: OtherUser (Received: 2026-02-11T20:33:31.782462600Z)

Enter request number to respond (or 'b' to go back): 

Friend Request from OtherUser
Do you want to (A)ccept or (D)ecline? 
? You are now friends with OtherUser! You can find them in your matches.


No pending friend requests.


--- PENDING FRIEND REQUESTS ---
  1. From: OtherUser (Received: 2026-02-11T20:33:31.793467200Z)

Enter request number to respond (or 'b' to go back): 
[INFO] Tests run: 7, Failures: 0, Errors: 0, Skipped: 0, Time elapsed: 0.036 s -- in View Pending Requests
[INFO] Tests run: 0, Failures: 0, Errors: 0, Skipped: 0, Time elapsed: 0.069 s -- in datingapp.app.cli.RelationshipHandlerTest
[INFO] Running datingapp.app.cli.SafetyHandlerTest
[INFO] Running Verify Profile

? Profile already verified (2026-02-11T20:33:31.808566Z).


--- Profile Verification ---

1. Verify by email
2. Verify by phone
0. Back

Choice: 
Email: 

[SIMULATED DELIVERY] Your verification code is: 491793

Enter the code: 
? Incorrect code.


--- Profile Verification ---

1. Verify by email
2. Verify by phone
0. Back

Choice: 
Email: 

[SIMULATED DELIVERY] Your verification code is: 835101

Enter the code: 
? Incorrect code.


--- Profile Verification ---

1. Verify by email
2. Verify by phone
0. Back

Choice: 
Phone: 
? Phone required.


--- Profile Verification ---

1. Verify by email
2. Verify by phone
0. Back

Choice: 
Email: 
? Email required.


??  Please select or create a user first.


--- Profile Verification ---

1. Verify by email
2. Verify by phone
0. Back

Choice: 
[INFO] Tests run: 7, Failures: 0, Errors: 0, Skipped: 0, Time elapsed: 0.040 s -- in Verify Profile
[INFO] Running Manage Blocked Users

--- Blocked Users ---

  1. BlockedUser (ACTIVE)

Enter number to unblock (or 0 to go back): 
Unblock BlockedUser? (y/n): 
22:33:31.853 [main] INFO  d.core.service.TrustSafetyService - User dcc9dc85-e468-4db6-bea0-8b8493ec591d unblocked user 012f4756-4738-42d2-bba1-c35ae5432f18
? Unblocked BlockedUser.


??  Please select or create a user first.


--- Blocked Users ---

  1. BlockedUser (ACTIVE)

Enter number to unblock (or 0 to go back): 
Unblock BlockedUser? (y/n): 
Cancelled.


--- Blocked Users ---

  1. Blocked1 (ACTIVE)
  2. Blocked2 (ACTIVE)

Enter number to unblock (or 0 to go back): 

You haven't blocked anyone.

[INFO] Tests run: 5, Failures: 0, Errors: 0, Skipped: 0, Time elapsed: 0.031 s -- in Manage Blocked Users
[INFO] Running Report User

--- Report a User ---

  1. OtherUser (ACTIVE)

Select user to report (or 0 to cancel): 

Reason for report:
  1. SPAM
  2. INAPPROPRIATE_CONTENT
  3. HARASSMENT
  4. FAKE_PROFILE
  5. UNDERAGE
  6. OTHER
Select reason: 
? Invalid reason.


??  You must be ACTIVE to report users.


--- Report a User ---

No users to report.


--- Report a User ---

  1. BadUser (ACTIVE)

Select user to report (or 0 to cancel): 

Reason for report:
  1. SPAM
  2. INAPPROPRIATE_CONTENT
  3. HARASSMENT
  4. FAKE_PROFILE
  5. UNDERAGE
  6. OTHER
Select reason: 
Additional details (optional, max 500 chars): 

? Report submitted. BadUser has been blocked.


--- Report a User ---

  1. BadUser (ACTIVE)

Select user to report (or 0 to cancel): 

Reason for report:
  1. SPAM
  2. INAPPROPRIATE_CONTENT
  3. HARASSMENT
  4. FAKE_PROFILE
  5. UNDERAGE
  6. OTHER
Select reason: 
Additional details (optional, max 500 chars): 

? Report submitted. BadUser has been blocked.


--- Report a User ---

  1. Reporter1 (ACTIVE)
  2. Reporter2 (ACTIVE)
  3. BadUser (ACTIVE)
  4. Reporter0 (ACTIVE)
  5. Reporter3 (ACTIVE)

Select user to report (or 0 to cancel): 

??  Please select or create a user first.

[INFO] Tests run: 7, Failures: 0, Errors: 0, Skipped: 0, Time elapsed: 0.057 s -- in Report User
[INFO] Running Block User

--- Block a User ---

  1. OtherUser

Select user to block (or 0 to cancel): 
Block OtherUser? (y/n): 
Cancelled.


--- Block a User ---

  1. OtherUser

Select user to block (or 0 to cancel): 

--- Block a User ---

  1. AvailableUser

Select user to block (or 0 to cancel): 
Block AvailableUser? (y/n): 
22:33:31.958 [main] INFO  d.core.service.TrustSafetyService - User 5cfd1566-5929-48a2-a0b7-110daf2ab142 blocked user 77f50adf-17ec-4af4-861c-958bbc6a928b
? Blocked AvailableUser.


--- Block a User ---

No users to block.


--- Block a User ---

  1. OtherUser

Select user to block (or 0 to cancel): 
Block OtherUser? (y/n): 
22:33:31.975 [main] INFO  d.core.service.TrustSafetyService - User 5ed791c1-41ba-40b0-b8ab-041925a2f057 blocked user 50ff7178-16dc-437a-8086-3a0a7b987acd
? Blocked OtherUser.


--- Block a User ---

  1. OtherUser

Select user to block (or 0 to cancel): 
Block OtherUser? (y/n): 
22:33:31.983 [main] INFO  d.core.service.TrustSafetyService - Match 47f5c3b8-ad53-4227-947f-6130426b7642_adbcf078-2a07-4759-949f-3dd320811bf6 transitioned to BLOCKED by user 47f5c3b8-ad53-4227-947f-6130426b7642
22:33:31.983 [main] INFO  d.core.service.TrustSafetyService - User 47f5c3b8-ad53-4227-947f-6130426b7642 blocked user adbcf078-2a07-4759-949f-3dd320811bf6
? Blocked OtherUser.


??  Please select or create a user first.

[INFO] Tests run: 7, Failures: 0, Errors: 0, Skipped: 0, Time elapsed: 0.045 s -- in Block User
[INFO] Tests run: 0, Failures: 0, Errors: 0, Skipped: 0, Time elapsed: 0.187 s -- in datingapp.app.cli.SafetyHandlerTest
[INFO] Running datingapp.app.cli.StatsHandlerTest
[INFO] Running View Achievements

???????????????????????????????????????
         ? YOUR ACHIEVEMENTS
???????????????????????????????????????

  Unlocked: 1 / ???

  ? First Spark - Get your first match
     (Unlocked: 2026-02-11)

Press Enter to return...

???????????????????????????????????????
         ? YOUR ACHIEVEMENTS
???????????????????????????????????????

  No achievements yet. Keep swiping!

Press Enter to return...

??  Please select or create a user first.


? NEW ACHIEVEMENTS UNLOCKED! ?
  ? First Spark - Get your first match


???????????????????????????????????????
         ? YOUR ACHIEVEMENTS
???????????????????????????????????????

  Unlocked: 1 / ???

  ? First Spark - Get your first match
     (Unlocked: 2026-02-11)

Press Enter to return...
[INFO] Tests run: 4, Failures: 0, Errors: 0, Skipped: 0, Time elapsed: 0.034 s -- in View Achievements
[INFO] Running View Statistics

???????????????????????????????????????
         YOUR DATING STATISTICS
???????????????????????????????????????

  Last updated: 2026-02-11 20:33

  ? ACTIVITY
  ???????????????????????????????????
  Swipes given:     0 (0 likes, 0 passes)
  Like ratio:       0.0% (you're selective)
  Swipes received:  0 (0 likes, 0 passes)

  ? MATCHES
  ???????????????????????????????????
  Total matches:    0
  Active matches:   0
  Match rate:       0.0% (below average)

  ? YOUR SCORES
  ???????????????????????????????????
  Reciprocity:      0.0% (of your likes, liked you back)
  Selectiveness:    Average
  Attractiveness:   Average

Press Enter to return...

???????????????????????????????????????
         YOUR DATING STATISTICS
???????????????????????????????????????

  Last updated: 2026-02-11 20:33

  ? ACTIVITY
  ???????????????????????????????????
  Swipes given:     0 (10 likes, 0 passes)
  Like ratio:       0.0% (you're selective)
  Swipes received:  0 (0 likes, 0 passes)

  ? MATCHES
  ???????????????????????????????????
  Total matches:    0
  Active matches:   0
  Match rate:       0.0% (below average)

  ? YOUR SCORES
  ???????????????????????????????????
  Reciprocity:      0.0% (of your likes, liked you back)
  Selectiveness:    Average
  Attractiveness:   Average

Press Enter to return...

???????????????????????????????????????
         YOUR DATING STATISTICS
???????????????????????????????????????

  Last updated: 2026-02-11 20:33

  ? ACTIVITY
  ???????????????????????????????????
  Swipes given:     0 (0 likes, 0 passes)
  Like ratio:       0.0% (you're selective)
  Swipes received:  0 (0 likes, 0 passes)

  ? MATCHES
  ???????????????????????????????????
  Total matches:    0
  Active matches:   0
  Match rate:       0.0% (below average)

  ? YOUR SCORES
  ???????????????????????????????????
  Reciprocity:      0.0% (of your likes, liked you back)
  Selectiveness:    Average
  Attractiveness:   Average

Press Enter to return...

??  Please select or create a user first.

[INFO] Tests run: 4, Failures: 0, Errors: 0, Skipped: 0, Time elapsed: 0.053 s -- in View Statistics
[INFO] Tests run: 0, Failures: 0, Errors: 0, Skipped: 0, Time elapsed: 0.094 s -- in datingapp.app.cli.StatsHandlerTest
[INFO] Running datingapp.app.cli.UserSessionTest
[INFO] Running Login State Checks
[INFO] Tests run: 6, Failures: 0, Errors: 0, Skipped: 0, Time elapsed: 0.028 s -- in Login State Checks
[INFO] Running Session State Management
[INFO] Tests run: 3, Failures: 0, Errors: 0, Skipped: 0, Time elapsed: 0.016 s -- in Session State Management
[INFO] Tests run: 0, Failures: 0, Errors: 0, Skipped: 0, Time elapsed: 0.049 s -- in datingapp.app.cli.UserSessionTest
[INFO] Running ConfigLoader
[INFO] Running Field coverage
[INFO] Tests run: 4, Failures: 0, Errors: 0, Skipped: 0, Time elapsed: 0.171 s -- in Field coverage
[INFO] Running fromJson
[INFO] Tests run: 8, Failures: 0, Errors: 0, Skipped: 0, Time elapsed: 0.044 s -- in fromJson
[INFO] Running load from file
Failed to parse JSON config
com.fasterxml.jackson.core.JsonParseException: Unexpected character ('i' (code 105)): was expecting double-quote to start field name
 at [Source: REDACTED (`StreamReadFeature.INCLUDE_SOURCE_IN_LOCATION` disabled); line: 1, column: 3]
	at com.fasterxml.jackson.core.JsonParser._constructReadException(JsonParser.java:2675)
	at com.fasterxml.jackson.core.base.ParserMinimalBase._reportUnexpectedChar(ParserMinimalBase.java:743)
	at com.fasterxml.jackson.core.json.ReaderBasedJsonParser._handleOddName(ReaderBasedJsonParser.java:1909)
	at com.fasterxml.jackson.core.json.ReaderBasedJsonParser.nextFieldName(ReaderBasedJsonParser.java:939)
	at com.fasterxml.jackson.databind.deser.std.BaseNodeDeserializer._deserializeContainerNoRecursion(JsonNodeDeserializer.java:535)
	at com.fasterxml.jackson.databind.deser.std.JsonNodeDeserializer.deserialize(JsonNodeDeserializer.java:99)
	at com.fasterxml.jackson.databind.deser.std.JsonNodeDeserializer.deserialize(JsonNodeDeserializer.java:24)
	at com.fasterxml.jackson.databind.deser.DefaultDeserializationContext.readRootValue(DefaultDeserializationContext.java:342)
	at com.fasterxml.jackson.databind.ObjectMapper._readTreeAndClose(ObjectMapper.java:5094)
	at com.fasterxml.jackson.databind.ObjectMapper.readTree(ObjectMapper.java:3349)
	at datingapp.app.ConfigLoader.applyJsonConfig(ConfigLoader.java:97)
	at datingapp.app.ConfigLoader.load(ConfigLoader.java:67)
	at datingapp.app.ConfigLoaderTest$LoadFromFile.handlesMalformedJson(ConfigLoaderTest.java:67)
	at java.base/jdk.internal.reflect.DirectMethodHandleAccessor.invoke(DirectMethodHandleAccessor.java:104)
	at java.base/java.lang.reflect.Method.invoke(Method.java:565)
	at org.junit.platform.commons.util.ReflectionUtils.invokeMethod(ReflectionUtils.java:786)
	at org.junit.platform.commons.support.ReflectionSupport.invokeMethod(ReflectionSupport.java:514)
	at org.junit.jupiter.engine.execution.MethodInvocation.proceed(MethodInvocation.java:60)
	at org.junit.jupiter.engine.execution.InvocationInterceptorChain$ValidatingInvocation.proceed(InvocationInterceptorChain.java:131)
	at org.junit.jupiter.engine.extension.SameThreadTimeoutInvocation.proceed(SameThreadTimeoutInvocation.java:49)
	at org.junit.jupiter.engine.extension.TimeoutExtension.intercept(TimeoutExtension.java:161)
	at org.junit.jupiter.engine.extension.TimeoutExtension.interceptTestableMethod(TimeoutExtension.java:152)
	at org.junit.jupiter.engine.extension.TimeoutExtension.interceptTestMethod(TimeoutExtension.java:91)
	at org.junit.jupiter.engine.execution.InterceptingExecutableInvoker$ReflectiveInterceptorCall.lambda$ofVoidMethod$0(InterceptingExecutableInvoker.java:112)
	at org.junit.jupiter.engine.execution.InterceptingExecutableInvoker.lambda$invoke$0(InterceptingExecutableInvoker.java:94)
	at org.junit.jupiter.engine.execution.InvocationInterceptorChain$InterceptedInvocation.proceed(InvocationInterceptorChain.java:106)
	at org.junit.jupiter.engine.execution.InvocationInterceptorChain.proceed(InvocationInterceptorChain.java:64)
	at org.junit.jupiter.engine.execution.InvocationInterceptorChain.chainAndInvoke(InvocationInterceptorChain.java:45)
	at org.junit.jupiter.engine.execution.InvocationInterceptorChain.invoke(InvocationInterceptorChain.java:37)
	at org.junit.jupiter.engine.execution.InterceptingExecutableInvoker.invoke(InterceptingExecutableInvoker.java:93)
	at org.junit.jupiter.engine.execution.InterceptingExecutableInvoker.invoke(InterceptingExecutableInvoker.java:87)
	at org.junit.jupiter.engine.descriptor.TestMethodTestDescriptor.lambda$invokeTestMethod$4(TestMethodTestDescriptor.java:221)
	at org.junit.platform.engine.support.hierarchical.ThrowableCollector.execute(ThrowableCollector.java:73)
	at org.junit.jupiter.engine.descriptor.TestMethodTestDescriptor.invokeTestMethod(TestMethodTestDescriptor.java:217)
	at org.junit.jupiter.engine.descriptor.TestMethodTestDescriptor.execute(TestMethodTestDescriptor.java:159)
	at org.junit.jupiter.engine.descriptor.TestMethodTestDescriptor.execute(TestMethodTestDescriptor.java:70)
	at org.junit.platform.engine.support.hierarchical.NodeTestTask.lambda$executeRecursively$6(NodeTestTask.java:157)
	at org.junit.platform.engine.support.hierarchical.ThrowableCollector.execute(ThrowableCollector.java:73)
	at org.junit.platform.engine.support.hierarchical.NodeTestTask.lambda$executeRecursively$8(NodeTestTask.java:147)
	at org.junit.platform.engine.support.hierarchical.Node.around(Node.java:137)
	at org.junit.platform.engine.support.hierarchical.NodeTestTask.lambda$executeRecursively$9(NodeTestTask.java:145)
	at org.junit.platform.engine.support.hierarchical.ThrowableCollector.execute(ThrowableCollector.java:73)
	at org.junit.platform.engine.support.hierarchical.NodeTestTask.executeRecursively(NodeTestTask.java:144)
	at org.junit.platform.engine.support.hierarchical.NodeTestTask.execute(NodeTestTask.java:101)
	at java.base/java.util.ArrayList.forEach(ArrayList.java:1604)
	at org.junit.platform.engine.support.hierarchical.SameThreadHierarchicalTestExecutorService.invokeAll(SameThreadHierarchicalTestExecutorService.java:41)
	at org.junit.platform.engine.support.hierarchical.NodeTestTask.lambda$executeRecursively$6(NodeTestTask.java:161)
	at org.junit.platform.engine.support.hierarchical.ThrowableCollector.execute(ThrowableCollector.java:73)
	at org.junit.platform.engine.support.hierarchical.NodeTestTask.lambda$executeRecursively$8(NodeTestTask.java:147)
	at org.junit.platform.engine.support.hierarchical.Node.around(Node.java:137)
	at org.junit.platform.engine.support.hierarchical.NodeTestTask.lambda$executeRecursively$9(NodeTestTask.java:145)
	at org.junit.platform.engine.support.hierarchical.ThrowableCollector.execute(ThrowableCollector.java:73)
	at org.junit.platform.engine.support.hierarchical.NodeTestTask.executeRecursively(NodeTestTask.java:144)
	at org.junit.platform.engine.support.hierarchical.NodeTestTask.execute(NodeTestTask.java:101)
	at java.base/java.util.ArrayList.forEach(ArrayList.java:1604)
	at org.junit.platform.engine.support.hierarchical.SameThreadHierarchicalTestExecutorService.invokeAll(SameThreadHierarchicalTestExecutorService.java:41)
	at org.junit.platform.engine.support.hierarchical.NodeTestTask.lambda$executeRecursively$6(NodeTestTask.java:161)
	at org.junit.platform.engine.support.hierarchical.ThrowableCollector.execute(ThrowableCollector.java:73)
	at org.junit.platform.engine.support.hierarchical.NodeTestTask.lambda$executeRecursively$8(NodeTestTask.java:147)
	at org.junit.platform.engine.support.hierarchical.Node.around(Node.java:137)
	at org.junit.platform.engine.support.hierarchical.NodeTestTask.lambda$executeRecursively$9(NodeTestTask.java:145)
	at org.junit.platform.engine.support.hierarchical.ThrowableCollector.execute(ThrowableCollector.java:73)
	at org.junit.platform.engine.support.hierarchical.NodeTestTask.executeRecursively(NodeTestTask.java:144)
	at org.junit.platform.engine.support.hierarchical.NodeTestTask.execute(NodeTestTask.java:101)
	at java.base/java.util.ArrayList.forEach(ArrayList.java:1604)
	at org.junit.platform.engine.support.hierarchical.SameThreadHierarchicalTestExecutorService.invokeAll(SameThreadHierarchicalTestExecutorService.java:41)
	at org.junit.platform.engine.support.hierarchical.NodeTestTask.lambda$executeRecursively$6(NodeTestTask.java:161)
	at org.junit.platform.engine.support.hierarchical.ThrowableCollector.execute(ThrowableCollector.java:73)
	at org.junit.platform.engine.support.hierarchical.NodeTestTask.lambda$executeRecursively$8(NodeTestTask.java:147)
	at org.junit.platform.engine.support.hierarchical.Node.around(Node.java:137)
	at org.junit.platform.engine.support.hierarchical.NodeTestTask.lambda$executeRecursively$9(NodeTestTask.java:145)
	at org.junit.platform.engine.support.hierarchical.ThrowableCollector.execute(ThrowableCollector.java:73)
	at org.junit.platform.engine.support.hierarchical.NodeTestTask.executeRecursively(NodeTestTask.java:144)
	at org.junit.platform.engine.support.hierarchical.NodeTestTask.execute(NodeTestTask.java:101)
	at org.junit.platform.engine.support.hierarchical.SameThreadHierarchicalTestExecutorService.submit(SameThreadHierarchicalTestExecutorService.java:35)
	at org.junit.platform.engine.support.hierarchical.HierarchicalTestExecutor.execute(HierarchicalTestExecutor.java:57)
	at org.junit.platform.engine.support.hierarchical.HierarchicalTestEngine.execute(HierarchicalTestEngine.java:54)
	at org.junit.platform.launcher.core.EngineExecutionOrchestrator.executeEngine(EngineExecutionOrchestrator.java:230)
	at org.junit.platform.launcher.core.EngineExecutionOrchestrator.failOrExecuteEngine(EngineExecutionOrchestrator.java:204)
	at org.junit.platform.launcher.core.EngineExecutionOrchestrator.execute(EngineExecutionOrchestrator.java:172)
	at org.junit.platform.launcher.core.EngineExecutionOrchestrator.execute(EngineExecutionOrchestrator.java:101)
	at org.junit.platform.launcher.core.EngineExecutionOrchestrator.lambda$execute$0(EngineExecutionOrchestrator.java:64)
	at org.junit.platform.launcher.core.EngineExecutionOrchestrator.withInterceptedStreams(EngineExecutionOrchestrator.java:150)
	at org.junit.platform.launcher.core.EngineExecutionOrchestrator.execute(EngineExecutionOrchestrator.java:63)
	at org.junit.platform.launcher.core.DefaultLauncher.execute(DefaultLauncher.java:109)
	at org.junit.platform.launcher.core.DefaultLauncher.execute(DefaultLauncher.java:91)
	at org.junit.platform.launcher.core.DelegatingLauncher.execute(DelegatingLauncher.java:47)
	at org.junit.platform.launcher.core.InterceptingLauncher.lambda$execute$1(InterceptingLauncher.java:39)
	at org.junit.platform.launcher.core.ClasspathAlignmentCheckingLauncherInterceptor.intercept(ClasspathAlignmentCheckingLauncherInterceptor.java:25)
	at org.junit.platform.launcher.core.InterceptingLauncher.execute(InterceptingLauncher.java:38)
	at org.junit.platform.launcher.core.DelegatingLauncher.execute(DelegatingLauncher.java:47)
	at org.apache.maven.surefire.junitplatform.LauncherAdapter.executeWithoutCancellationToken(LauncherAdapter.java:60)
	at org.apache.maven.surefire.junitplatform.LauncherAdapter.execute(LauncherAdapter.java:52)
	at org.apache.maven.surefire.junitplatform.JUnitPlatformProvider.execute(JUnitPlatformProvider.java:203)
	at org.apache.maven.surefire.junitplatform.JUnitPlatformProvider.invokeAllTests(JUnitPlatformProvider.java:168)
	at org.apache.maven.surefire.junitplatform.JUnitPlatformProvider.invoke(JUnitPlatformProvider.java:136)
	at org.apache.maven.surefire.booter.ForkedBooter.runSuitesInProcess(ForkedBooter.java:385)
	at org.apache.maven.surefire.booter.ForkedBooter.execute(ForkedBooter.java:162)
	at org.apache.maven.surefire.booter.ForkedBooter.run(ForkedBooter.java:507)
	at org.apache.maven.surefire.booter.ForkedBooter.main(ForkedBooter.java:495)
Loaded configuration from: C:\Users\tom7s\AppData\Local\Temp\junit-1695842271232550512\bad.json
Loaded configuration from: C:\Users\tom7s\AppData\Local\Temp\junit-9153564241716040494\config.json
Config file not found at C:\Users\tom7s\AppData\Local\Temp\junit-6960664394299033169\nonexistent.json, using defaults
[INFO] Tests run: 3, Failures: 0, Errors: 0, Skipped: 0, Time elapsed: 0.076 s -- in load from file
[INFO] Tests run: 0, Failures: 0, Errors: 0, Skipped: 0, Time elapsed: 0.300 s -- in ConfigLoader
[INFO] Running datingapp.core.AchievementServiceTest
[INFO] Tests run: 6, Failures: 0, Errors: 0, Skipped: 0, Time elapsed: 0.052 s -- in datingapp.core.AchievementServiceTest
[INFO] Running AppClock
[INFO] Running Reset
[INFO] Tests run: 2, Failures: 0, Errors: 0, Skipped: 0, Time elapsed: 0.006 s -- in Reset
[INFO] Running Custom clock
[INFO] Tests run: 2, Failures: 0, Errors: 0, Skipped: 0, Time elapsed: 0.012 s -- in Custom clock
[INFO] Running Fixed clock
[INFO] Tests run: 3, Failures: 0, Errors: 0, Skipped: 0, Time elapsed: 0.013 s -- in Fixed clock
[INFO] Running Default behavior
[INFO] Tests run: 3, Failures: 0, Errors: 0, Skipped: 0, Time elapsed: 0.012 s -- in Default behavior
[INFO] Tests run: 0, Failures: 0, Errors: 0, Skipped: 0, Time elapsed: 0.066 s -- in AppClock
[INFO] Running datingapp.core.AppConfigTest
[INFO] Running Weight Validation
[INFO] Tests run: 2, Failures: 0, Errors: 0, Skipped: 0, Time elapsed: 0.007 s -- in Weight Validation
[INFO] Running Record Immutability
[INFO] Tests run: 2, Failures: 0, Errors: 0, Skipped: 0, Time elapsed: 0.032 s -- in Record Immutability
[INFO] Running Builder Pattern
[INFO] Tests run: 3, Failures: 0, Errors: 0, Skipped: 0, Time elapsed: 0.008 s -- in Builder Pattern
[INFO] Running Default Configuration
[INFO] Tests run: 1, Failures: 0, Errors: 0, Skipped: 0, Time elapsed: 0.004 s -- in Default Configuration
[INFO] Tests run: 0, Failures: 0, Errors: 0, Skipped: 0, Time elapsed: 0.057 s -- in datingapp.core.AppConfigTest
[INFO] Running datingapp.core.CandidateFinderTest
22:33:32.628 [main] DEBUG d.core.service.CandidateFinder - Finding candidates for Seeker (state=ACTIVE, gender=MALE, interestedIn=[FEMALE], age=30, minAge=18, maxAge=60)
22:33:32.629 [main] DEBUG d.core.service.CandidateFinder - Total active users to filter: 1
22:33:32.629 [main] DEBUG d.core.service.CandidateFinder - Already interacted with: 0 users
22:33:32.634 [main] DEBUG d.core.service.CandidateFinder - CandidateFinder: Found 0 candidates for Seeker (from 1 active users)
22:33:32.640 [main] DEBUG d.core.service.CandidateFinder - Finding candidates for Seeker (state=ACTIVE, gender=MALE, interestedIn=[FEMALE], age=30, minAge=18, maxAge=60)
22:33:32.641 [main] DEBUG d.core.service.CandidateFinder - Total active users to filter: 3
22:33:32.641 [main] DEBUG d.core.service.CandidateFinder - Already interacted with: 0 users
22:33:32.646 [main] INFO  d.core.service.CandidateFinder - CandidateFinder: Found 3 candidates for Seeker (from 3 active users)
22:33:32.650 [main] DEBUG d.core.service.CandidateFinder - Finding candidates for Seeker (state=ACTIVE, gender=MALE, interestedIn=[FEMALE], age=30, minAge=18, maxAge=60)
22:33:32.651 [main] DEBUG d.core.service.CandidateFinder - Total active users to filter: 2
22:33:32.651 [main] DEBUG d.core.service.CandidateFinder - Already interacted with: 0 users
22:33:32.651 [main] DEBUG d.core.service.CandidateFinder - Rejecting TooOld (ae6dd8d1-4c32-4a33-b4c4-32424af6321e): AGE MISMATCH - seeker(age=30, range=18-60), candidate(age=28, range=18-25)
22:33:32.651 [main] INFO  d.core.service.CandidateFinder - CandidateFinder: Found 1 candidates for Seeker (from 2 active users)
22:33:32.654 [main] DEBUG d.core.service.CandidateFinder - Finding candidates for ZeroSeeker (state=ACTIVE, gender=MALE, interestedIn=[FEMALE], age=30, minAge=18, maxAge=60)
22:33:32.654 [main] DEBUG d.core.service.CandidateFinder - Total active users to filter: 1
22:33:32.654 [main] DEBUG d.core.service.CandidateFinder - Already interacted with: 0 users
22:33:32.655 [main] DEBUG d.core.service.CandidateFinder - Rejecting FarAway (70227281-b571-4ed4-8231-4836dd9212dd): TOO FAR - distance=1568.5km, max=1km
22:33:32.655 [main] DEBUG d.core.service.CandidateFinder - CandidateFinder: Found 0 candidates for ZeroSeeker (from 1 active users)
22:33:32.657 [main] DEBUG d.core.service.CandidateFinder - Finding candidates for Seeker (state=ACTIVE, gender=MALE, interestedIn=[FEMALE], age=30, minAge=18, maxAge=60)
22:33:32.659 [main] DEBUG d.core.service.CandidateFinder - Total active users to filter: 1
22:33:32.659 [main] DEBUG d.core.service.CandidateFinder - Already interacted with: 1 users
22:33:32.659 [main] DEBUG d.core.service.CandidateFinder - CandidateFinder: Found 0 candidates for Seeker (from 1 active users)
22:33:32.663 [main] DEBUG d.core.service.CandidateFinder - Finding candidates for Seeker (state=ACTIVE, gender=MALE, interestedIn=[FEMALE], age=30, minAge=18, maxAge=60)
22:33:32.664 [main] DEBUG d.core.service.CandidateFinder - Total active users to filter: 2
22:33:32.664 [main] DEBUG d.core.service.CandidateFinder - Already interacted with: 0 users
22:33:32.665 [main] DEBUG d.core.service.CandidateFinder - Rejecting Incompatible (460d9d59-095b-4c72-b03c-947f3613ef9a): GENDER MISMATCH - seeker(MALE)?interestedIn([FEMALE]), candidate(FEMALE)?interestedIn([FEMALE])
22:33:32.666 [main] INFO  d.core.service.CandidateFinder - CandidateFinder: Found 1 candidates for Seeker (from 2 active users)
22:33:32.672 [main] DEBUG d.core.service.CandidateFinder - Finding candidates for Seeker (state=ACTIVE, gender=MALE, interestedIn=[FEMALE], age=30, minAge=18, maxAge=60)
22:33:32.673 [main] DEBUG d.core.service.CandidateFinder - Total active users to filter: 2
22:33:32.674 [main] DEBUG d.core.service.CandidateFinder - Already interacted with: 0 users
22:33:32.674 [main] DEBUG d.core.service.CandidateFinder - Rejecting Far (53b7976b-585a-428c-a567-c9fdf5f0f76f): TOO FAR - distance=53.9km, max=30km
22:33:32.674 [main] INFO  d.core.service.CandidateFinder - CandidateFinder: Found 1 candidates for Seeker (from 2 active users)
[INFO] Running GeoUtils.distanceKm
[INFO] Tests run: 15, Failures: 0, Errors: 0, Skipped: 0, Time elapsed: 0.039 s -- in GeoUtils.distanceKm
[INFO] Tests run: 0, Failures: 0, Errors: 0, Skipped: 0, Time elapsed: 0.095 s -- in datingapp.core.CandidateFinderTest
[INFO] Running SessionService cleanup
[INFO] Running CleanupResult
[INFO] Tests run: 4, Failures: 0, Errors: 0, Skipped: 0, Time elapsed: 0.027 s -- in CleanupResult
[INFO] Running runCleanup
[INFO] Tests run: 3, Failures: 0, Errors: 0, Skipped: 0, Time elapsed: 0.012 s -- in runCleanup
[INFO] Running Constructor validation
[INFO] Tests run: 2, Failures: 0, Errors: 0, Skipped: 0, Time elapsed: 0.009 s -- in Constructor validation
[INFO] Tests run: 0, Failures: 0, Errors: 0, Skipped: 0, Time elapsed: 0.055 s -- in SessionService cleanup
[INFO] Running datingapp.core.CoreUtilitiesTest
[INFO] Running Match - Domain Model
[INFO] Tests run: 4, Failures: 0, Errors: 0, Skipped: 0, Time elapsed: 0.013 s -- in Match - Domain Model
[INFO] Running Interest - Enum and Category Lookups
[INFO] Tests run: 6, Failures: 0, Errors: 0, Skipped: 0, Time elapsed: 0.017 s -- in Interest - Enum and Category Lookups
[INFO] Running GeoUtils - Geographic Distance Calculations
[INFO] Tests run: 3, Failures: 0, Errors: 0, Skipped: 0, Time elapsed: 0.009 s -- in GeoUtils - Geographic Distance Calculations
[INFO] Tests run: 0, Failures: 0, Errors: 0, Skipped: 0, Time elapsed: 0.045 s -- in datingapp.core.CoreUtilitiesTest
[INFO] Running datingapp.core.DailyLimitServiceTest
[INFO] Running Edge cases
[INFO] Tests run: 3, Failures: 0, Errors: 0, Skipped: 0, Time elapsed: 0.015 s -- in Edge cases
[INFO] Running Time reset tests
[INFO] Tests run: 3, Failures: 0, Errors: 0, Skipped: 0, Time elapsed: 0.010 s -- in Time reset tests
[INFO] Running getStatus tests
[INFO] Tests run: 3, Failures: 0, Errors: 0, Skipped: 0, Time elapsed: 0.009 s -- in getStatus tests
[INFO] Running canPass tests
[INFO] Tests run: 2, Failures: 0, Errors: 0, Skipped: 0, Time elapsed: 0.005 s -- in canPass tests
[INFO] Running canLike tests
[INFO] Tests run: 4, Failures: 0, Errors: 0, Skipped: 0, Time elapsed: 0.018 s -- in canLike tests
[INFO] Tests run: 0, Failures: 0, Errors: 0, Skipped: 0, Time elapsed: 0.064 s -- in datingapp.core.DailyLimitServiceTest
[INFO] Running datingapp.core.DailyPickServiceTest
22:33:32.892 [main] DEBUG d.core.service.CandidateFinder - Finding candidates for Alice (state=ACTIVE, gender=FEMALE, interestedIn=[MALE, FEMALE, OTHER], age=25, minAge=18, maxAge=99)
22:33:32.892 [main] DEBUG d.core.service.CandidateFinder - Total active users to filter: 4
22:33:32.892 [main] DEBUG d.core.service.CandidateFinder - Already interacted with: 0 users
22:33:32.893 [main] INFO  d.core.service.CandidateFinder - CandidateFinder: Found 3 candidates for Alice (from 4 active users)
22:33:32.897 [main] DEBUG d.core.service.CandidateFinder - Finding candidates for Alice (state=ACTIVE, gender=FEMALE, interestedIn=[MALE, FEMALE, OTHER], age=25, minAge=18, maxAge=99)
22:33:32.897 [main] DEBUG d.core.service.CandidateFinder - Total active users to filter: 4
22:33:32.897 [main] DEBUG d.core.service.CandidateFinder - Already interacted with: 0 users
22:33:32.897 [main] INFO  d.core.service.CandidateFinder - CandidateFinder: Found 3 candidates for Alice (from 4 active users)
22:33:32.905 [main] DEBUG d.core.service.CandidateFinder - Finding candidates for Alice (state=ACTIVE, gender=FEMALE, interestedIn=[MALE, FEMALE, OTHER], age=25, minAge=18, maxAge=99)
22:33:32.906 [main] DEBUG d.core.service.CandidateFinder - Total active users to filter: 3
22:33:32.906 [main] DEBUG d.core.service.CandidateFinder - Already interacted with: 1 users
22:33:32.906 [main] INFO  d.core.service.CandidateFinder - CandidateFinder: Found 1 candidates for Alice (from 3 active users)
22:33:32.908 [main] DEBUG d.core.service.CandidateFinder - Finding candidates for Alice (state=ACTIVE, gender=FEMALE, interestedIn=[MALE, FEMALE, OTHER], age=25, minAge=18, maxAge=99)
22:33:32.908 [main] DEBUG d.core.service.CandidateFinder - Total active users to filter: 1
22:33:32.908 [main] DEBUG d.core.service.CandidateFinder - Already interacted with: 0 users
22:33:32.909 [main] DEBUG d.core.service.CandidateFinder - CandidateFinder: Found 0 candidates for Alice (from 1 active users)
22:33:32.912 [main] DEBUG d.core.service.CandidateFinder - Finding candidates for Seeker (state=ACTIVE, gender=FEMALE, interestedIn=[MALE, FEMALE, OTHER], age=25, minAge=18, maxAge=99)
22:33:32.912 [main] DEBUG d.core.service.CandidateFinder - Total active users to filter: 4
22:33:32.912 [main] DEBUG d.core.service.CandidateFinder - Already interacted with: 0 users
22:33:32.913 [main] INFO  d.core.service.CandidateFinder - CandidateFinder: Found 3 candidates for Seeker (from 4 active users)
22:33:32.913 [main] DEBUG d.core.service.CandidateFinder - Finding candidates for Seeker (state=ACTIVE, gender=FEMALE, interestedIn=[MALE, FEMALE, OTHER], age=25, minAge=18, maxAge=99)
22:33:32.913 [main] DEBUG d.core.service.CandidateFinder - Total active users to filter: 3
22:33:32.913 [main] DEBUG d.core.service.CandidateFinder - Already interacted with: 0 users
22:33:32.913 [main] INFO  d.core.service.CandidateFinder - CandidateFinder: Found 2 candidates for Seeker (from 3 active users)
22:33:32.917 [main] DEBUG d.core.service.CandidateFinder - Finding candidates for Alice (state=ACTIVE, gender=FEMALE, interestedIn=[MALE, FEMALE, OTHER], age=25, minAge=18, maxAge=99)
22:33:32.917 [main] DEBUG d.core.service.CandidateFinder - Total active users to filter: 2
22:33:32.917 [main] DEBUG d.core.service.CandidateFinder - Already interacted with: 1 users
22:33:32.918 [main] DEBUG d.core.service.CandidateFinder - CandidateFinder: Found 0 candidates for Alice (from 2 active users)
22:33:32.921 [main] DEBUG d.core.service.CandidateFinder - Finding candidates for Alice (state=ACTIVE, gender=FEMALE, interestedIn=[MALE, FEMALE, OTHER], age=25, minAge=18, maxAge=99)
22:33:32.921 [main] DEBUG d.core.service.CandidateFinder - Total active users to filter: 2
22:33:32.921 [main] DEBUG d.core.service.CandidateFinder - Already interacted with: 0 users
22:33:32.922 [main] INFO  d.core.service.CandidateFinder - CandidateFinder: Found 1 candidates for Alice (from 2 active users)
22:33:32.925 [main] DEBUG d.core.service.CandidateFinder - Finding candidates for Alice (state=ACTIVE, gender=FEMALE, interestedIn=[MALE, FEMALE, OTHER], age=25, minAge=18, maxAge=99)
22:33:32.926 [main] DEBUG d.core.service.CandidateFinder - Total active users to filter: 4
22:33:32.926 [main] DEBUG d.core.service.CandidateFinder - Already interacted with: 1 users
22:33:32.926 [main] INFO  d.core.service.CandidateFinder - CandidateFinder: Found 2 candidates for Alice (from 4 active users)
22:33:32.931 [main] DEBUG d.core.service.CandidateFinder - Finding candidates for Alice (state=ACTIVE, gender=FEMALE, interestedIn=[MALE, FEMALE, OTHER], age=25, minAge=18, maxAge=99)
22:33:32.932 [main] DEBUG d.core.service.CandidateFinder - Total active users to filter: 5
22:33:32.932 [main] DEBUG d.core.service.CandidateFinder - Already interacted with: 0 users
22:33:32.933 [main] INFO  d.core.service.CandidateFinder - CandidateFinder: Found 4 candidates for Alice (from 5 active users)
22:33:32.933 [main] DEBUG d.core.service.CandidateFinder - Finding candidates for Bob (state=ACTIVE, gender=FEMALE, interestedIn=[MALE, FEMALE, OTHER], age=26, minAge=18, maxAge=99)
22:33:32.933 [main] DEBUG d.core.service.CandidateFinder - Total active users to filter: 5
22:33:32.933 [main] DEBUG d.core.service.CandidateFinder - Already interacted with: 0 users
22:33:32.934 [main] INFO  d.core.service.CandidateFinder - CandidateFinder: Found 4 candidates for Bob (from 5 active users)
22:33:32.936 [main] DEBUG d.core.service.CandidateFinder - Finding candidates for Alice (state=ACTIVE, gender=FEMALE, interestedIn=[MALE, FEMALE, OTHER], age=25, minAge=18, maxAge=99)
22:33:32.937 [main] DEBUG d.core.service.CandidateFinder - Total active users to filter: 2
22:33:32.937 [main] DEBUG d.core.service.CandidateFinder - Already interacted with: 0 users
22:33:32.937 [main] INFO  d.core.service.CandidateFinder - CandidateFinder: Found 1 candidates for Alice (from 2 active users)
[INFO] Tests run: 13, Failures: 0, Errors: 0, Skipped: 0, Time elapsed: 0.051 s -- in datingapp.core.DailyPickServiceTest
[INFO] Running datingapp.core.DailyServiceTest
[INFO] Running Time Reset Tests
[INFO] Tests run: 2, Failures: 0, Errors: 0, Skipped: 0, Time elapsed: 0.005 s -- in Time Reset Tests
[INFO] Running Daily Limits Secondary Tests
[INFO] Tests run: 2, Failures: 0, Errors: 0, Skipped: 0, Time elapsed: 0.006 s -- in Daily Limits Secondary Tests
[INFO] Running Daily Picks Tests
22:33:32.961 [main] DEBUG d.core.service.CandidateFinder - Finding candidates for Seeker (state=ACTIVE, gender=MALE, interestedIn=[FEMALE], age=25, minAge=18, maxAge=99)
22:33:32.962 [main] DEBUG d.core.service.CandidateFinder - Total active users to filter: 11
22:33:32.962 [main] DEBUG d.core.service.CandidateFinder - Already interacted with: 0 users
22:33:32.963 [main] INFO  d.core.service.CandidateFinder - CandidateFinder: Found 10 candidates for Seeker (from 11 active users)
22:33:32.963 [main] DEBUG d.core.service.CandidateFinder - Finding candidates for Seeker (state=ACTIVE, gender=MALE, interestedIn=[FEMALE], age=25, minAge=18, maxAge=99)
22:33:32.963 [main] DEBUG d.core.service.CandidateFinder - Total active users to filter: 11
22:33:32.963 [main] DEBUG d.core.service.CandidateFinder - Already interacted with: 0 users
22:33:32.964 [main] INFO  d.core.service.CandidateFinder - CandidateFinder: Found 10 candidates for Seeker (from 11 active users)
22:33:32.975 [main] DEBUG d.core.service.CandidateFinder - Finding candidates for Seeker (state=ACTIVE, gender=MALE, interestedIn=[FEMALE], age=25, minAge=18, maxAge=99)
22:33:32.975 [main] DEBUG d.core.service.CandidateFinder - Total active users to filter: 3
22:33:32.975 [main] DEBUG d.core.service.CandidateFinder - Already interacted with: 1 users
22:33:32.975 [main] INFO  d.core.service.CandidateFinder - CandidateFinder: Found 1 candidates for Seeker (from 3 active users)
[INFO] Tests run: 5, Failures: 0, Errors: 0, Skipped: 0, Time elapsed: 0.022 s -- in Daily Picks Tests
[INFO] Running Daily Limits Tests
[INFO] Tests run: 5, Failures: 0, Errors: 0, Skipped: 0, Time elapsed: 0.013 s -- in Daily Limits Tests
[INFO] Tests run: 0, Failures: 0, Errors: 0, Skipped: 0, Time elapsed: 0.050 s -- in datingapp.core.DailyServiceTest
[INFO] Running datingapp.core.DealbreakersEvaluatorTest
[INFO] Running Failed dealbreakers list
[INFO] Tests run: 3, Failures: 0, Errors: 0, Skipped: 0, Time elapsed: 0.013 s -- in Failed dealbreakers list
[INFO] Running Null candidate fields
[INFO] Tests run: 5, Failures: 0, Errors: 0, Skipped: 0, Time elapsed: 0.012 s -- in Null candidate fields
[INFO] Running Multiple dealbreakers
[INFO] Tests run: 2, Failures: 0, Errors: 0, Skipped: 0, Time elapsed: 0.004 s -- in Multiple dealbreakers
[INFO] Running Age difference dealbreaker
[INFO] Tests run: 3, Failures: 0, Errors: 0, Skipped: 0, Time elapsed: 0.007 s -- in Age difference dealbreaker
[INFO] Running Height dealbreaker
[INFO] Tests run: 4, Failures: 0, Errors: 0, Skipped: 0, Time elapsed: 0.015 s -- in Height dealbreaker
[INFO] Running Looking for dealbreaker
[INFO] Tests run: 2, Failures: 0, Errors: 0, Skipped: 0, Time elapsed: 0.006 s -- in Looking for dealbreaker
[INFO] Running Kids stance dealbreaker
[INFO] Tests run: 2, Failures: 0, Errors: 0, Skipped: 0, Time elapsed: 0.005 s -- in Kids stance dealbreaker
[INFO] Running Drinking dealbreaker
[INFO] Tests run: 2, Failures: 0, Errors: 0, Skipped: 0, Time elapsed: 0.003 s -- in Drinking dealbreaker
[INFO] Running Smoking dealbreaker
[INFO] Tests run: 4, Failures: 0, Errors: 0, Skipped: 0, Time elapsed: 0.006 s -- in Smoking dealbreaker
[INFO] Running No dealbreakers
[INFO] Tests run: 2, Failures: 0, Errors: 0, Skipped: 0, Time elapsed: 0.007 s -- in No dealbreakers
[INFO] Tests run: 0, Failures: 0, Errors: 0, Skipped: 0, Time elapsed: 0.090 s -- in datingapp.core.DealbreakersEvaluatorTest
[INFO] Running datingapp.core.DealbreakersTest
[INFO] Running Defensive copy tests
[INFO] Tests run: 2, Failures: 0, Errors: 0, Skipped: 0, Time elapsed: 0.006 s -- in Defensive copy tests
[INFO] Running Factory and builder tests
[INFO] Tests run: 3, Failures: 0, Errors: 0, Skipped: 0, Time elapsed: 0.007 s -- in Factory and builder tests
[INFO] Running Validation tests
[INFO] Tests run: 5, Failures: 0, Errors: 0, Skipped: 0, Time elapsed: 0.010 s -- in Validation tests
[INFO] Tests run: 0, Failures: 0, Errors: 0, Skipped: 0, Time elapsed: 0.031 s -- in datingapp.core.DealbreakersTest
[INFO] Running datingapp.core.EdgeCaseRegressionTest
[INFO] Tests run: 2, Failures: 0, Errors: 0, Skipped: 0, Time elapsed: 0.010 s -- in datingapp.core.EdgeCaseRegressionTest
[INFO] Running EnumSetUtil
[INFO] Running defensiveCopy
[INFO] Tests run: 4, Failures: 0, Errors: 0, Skipped: 0, Time elapsed: 0.011 s -- in defensiveCopy
[INFO] Running safeCopy(Set)
[INFO] Tests run: 4, Failures: 0, Errors: 0, Skipped: 0, Time elapsed: 0.008 s -- in safeCopy(Set)
[INFO] Running safeCopy(Collection)
[INFO] Tests run: 5, Failures: 0, Errors: 0, Skipped: 0, Time elapsed: 0.007 s -- in safeCopy(Collection)
[INFO] Tests run: 0, Failures: 0, Errors: 0, Skipped: 0, Time elapsed: 0.030 s -- in EnumSetUtil
[INFO] Running datingapp.core.LikerBrowserServiceTest
[INFO] Tests run: 2, Failures: 0, Errors: 0, Skipped: 0, Time elapsed: 0.011 s -- in datingapp.core.LikerBrowserServiceTest
[INFO] Running datingapp.core.MatchingServiceTest
[INFO] Running Process Swipe Guard
[INFO] Tests run: 1, Failures: 0, Errors: 0, Skipped: 0, Time elapsed: 0.010 s -- in Process Swipe Guard
[INFO] Running Edge Cases
[INFO] Tests run: 2, Failures: 0, Errors: 0, Skipped: 0, Time elapsed: 0.008 s -- in Edge Cases
[INFO] Running Recording Likes
[INFO] Tests run: 5, Failures: 0, Errors: 0, Skipped: 0, Time elapsed: 0.013 s -- in Recording Likes
[INFO] Tests run: 0, Failures: 0, Errors: 0, Skipped: 0, Time elapsed: 0.046 s -- in datingapp.core.MatchingServiceTest
[INFO] Running MatchQualityService Tests
[INFO] Running InterestMatcher - Format Shared Interests
[INFO] Tests run: 6, Failures: 0, Errors: 0, Skipped: 0, Time elapsed: 0.024 s -- in InterestMatcher - Format Shared Interests
[INFO] Running InterestMatcher - Compare
[INFO] Tests run: 6, Failures: 0, Errors: 0, Skipped: 0, Time elapsed: 0.021 s -- in InterestMatcher - Compare
[INFO] Running AppConfig Match Quality Weights
[INFO] Tests run: 3, Failures: 0, Errors: 0, Skipped: 0, Time elapsed: 0.005 s -- in AppConfig Match Quality Weights
[INFO] Running Progress Bar Rendering
[INFO] Tests run: 3, Failures: 0, Errors: 0, Skipped: 0, Time elapsed: 0.015 s -- in Progress Bar Rendering
[INFO] Running Highlight Generation
[INFO] Tests run: 4, Failures: 0, Errors: 0, Skipped: 0, Time elapsed: 0.017 s -- in Highlight Generation
[INFO] Running Score Calculations
[INFO] Tests run: 9, Failures: 0, Errors: 0, Skipped: 0, Time elapsed: 0.027 s -- in Score Calculations
[INFO] Tests run: 0, Failures: 0, Errors: 0, Skipped: 0, Time elapsed: 0.120 s -- in MatchQualityService Tests
[INFO] Running MatchQuality Tests
[INFO] Running Display Methods
[INFO] Tests run: 4, Failures: 0, Errors: 0, Skipped: 0, Time elapsed: 0.015 s -- in Display Methods
[INFO] Running Star Rating
[INFO] Tests run: 6, Failures: 0, Errors: 0, Skipped: 0, Time elapsed: 0.013 s -- in Star Rating
[INFO] Running Validation
[INFO] Tests run: 6, Failures: 0, Errors: 0, Skipped: 0, Time elapsed: 0.029 s -- in Validation
[INFO] Tests run: 0, Failures: 0, Errors: 0, Skipped: 0, Time elapsed: 0.061 s -- in MatchQuality Tests
[INFO] Running datingapp.core.MatchStateTest
[INFO] Running Match Utility Methods
[INFO] Tests run: 4, Failures: 0, Errors: 0, Skipped: 0, Time elapsed: 0.009 s -- in Match Utility Methods
[INFO] Running Match Reconstruction
[INFO] Tests run: 2, Failures: 0, Errors: 0, Skipped: 0, Time elapsed: 0.010 s -- in Match Reconstruction
[INFO] Running Match State Transitions
[INFO] Running Match.generateId
[INFO] Tests run: 13, Failures: 0, Errors: 0, Skipped: 0, Time elapsed: 0.012 s -- in Match.generateId
[INFO] Tests run: 0, Failures: 0, Errors: 0, Skipped: 0, Time elapsed: 0.060 s -- in Match State Transitions
[INFO] Tests run: 0, Failures: 0, Errors: 0, Skipped: 0, Time elapsed: 0.085 s -- in datingapp.core.MatchStateTest
[INFO] Running datingapp.core.MatchTest
[INFO] Running Match Creation
[INFO] Tests run: 2, Failures: 0, Errors: 0, Skipped: 0, Time elapsed: 0.007 s -- in Match Creation
[INFO] Running Graceful Exit
[INFO] Tests run: 2, Failures: 0, Errors: 0, Skipped: 0, Time elapsed: 0.010 s -- in Graceful Exit
[INFO] Tests run: 0, Failures: 0, Errors: 0, Skipped: 0, Time elapsed: 0.021 s -- in datingapp.core.MatchTest
[INFO] Running Messaging Domain Tests
[INFO] Running Conversation Entity
[INFO] Running Validation
[INFO] Tests run: 3, Failures: 0, Errors: 0, Skipped: 0, Time elapsed: 0.017 s -- in Validation
[INFO] Running Timestamp Updates
[INFO] Tests run: 4, Failures: 0, Errors: 0, Skipped: 0, Time elapsed: 0.014 s -- in Timestamp Updates
[INFO] Running User Queries
[INFO] Tests run: 4, Failures: 0, Errors: 0, Skipped: 0, Time elapsed: 0.013 s -- in User Queries
[INFO] Running generateId
[INFO] Tests run: 2, Failures: 0, Errors: 0, Skipped: 0, Time elapsed: 0.004 s -- in generateId
[INFO] Running Conversation Creation
[INFO] Tests run: 2, Failures: 0, Errors: 0, Skipped: 0, Time elapsed: 0.004 s -- in Conversation Creation
[INFO] Tests run: 0, Failures: 0, Errors: 0, Skipped: 0, Time elapsed: 0.056 s -- in Conversation Entity
[INFO] Running Message Entity
[INFO] Running Message Validation
[INFO] Tests run: 7, Failures: 0, Errors: 0, Skipped: 0, Time elapsed: 0.027 s -- in Message Validation
[INFO] Running Message Creation
[INFO] Tests run: 5, Failures: 0, Errors: 0, Skipped: 0, Time elapsed: 0.008 s -- in Message Creation
[INFO] Tests run: 0, Failures: 0, Errors: 0, Skipped: 0, Time elapsed: 0.044 s -- in Message Entity
[INFO] Tests run: 0, Failures: 0, Errors: 0, Skipped: 0, Time elapsed: 0.102 s -- in Messaging Domain Tests
[INFO] Running MessagingService Tests
[INFO] Running getOrCreateConversation
[INFO] Tests run: 2, Failures: 0, Errors: 0, Skipped: 0, Time elapsed: 0.009 s -- in getOrCreateConversation
[INFO] Running getConversations
[INFO] Tests run: 4, Failures: 0, Errors: 0, Skipped: 0, Time elapsed: 0.013 s -- in getConversations
[INFO] Running getTotalUnreadCount
[INFO] Tests run: 2, Failures: 0, Errors: 0, Skipped: 0, Time elapsed: 0.004 s -- in getTotalUnreadCount
[INFO] Running getUnreadCount
[INFO] Tests run: 4, Failures: 0, Errors: 0, Skipped: 0, Time elapsed: 0.008 s -- in getUnreadCount
[INFO] Running markAsRead
[INFO] Tests run: 2, Failures: 0, Errors: 0, Skipped: 0, Time elapsed: 0.004 s -- in markAsRead
[INFO] Running canMessage
[INFO] Tests run: 4, Failures: 0, Errors: 0, Skipped: 0, Time elapsed: 0.004 s -- in canMessage
[INFO] Running getMessages
[INFO] Tests run: 3, Failures: 0, Errors: 0, Skipped: 0, Time elapsed: 0.004 s -- in getMessages
[INFO] Running sendMessage
[INFO] Tests run: 9, Failures: 0, Errors: 0, Skipped: 0, Time elapsed: 0.026 s -- in sendMessage
[INFO] Tests run: 0, Failures: 0, Errors: 0, Skipped: 0, Time elapsed: 0.081 s -- in MessagingService Tests
[INFO] Running datingapp.core.NestedTypeVisibilityTest
[INFO] Tests run: 4, Failures: 0, Errors: 0, Skipped: 0, Time elapsed: 0.008 s -- in datingapp.core.NestedTypeVisibilityTest
[INFO] Running datingapp.core.PaceCompatibilityTest
[INFO] Tests run: 7, Failures: 0, Errors: 0, Skipped: 0, Time elapsed: 0.017 s -- in datingapp.core.PaceCompatibilityTest
[INFO] Running PerformanceMonitor
[INFO] Running Bounded Metrics Map
[INFO] Tests run: 1, Failures: 0, Errors: 0, Skipped: 0, Time elapsed: 0.005 s -- in Bounded Metrics Map
[INFO] Running Logging
22:33:33.728 [main] INFO  datingapp.core.PerformanceMonitor - No performance METRICS recorded
22:33:33.730 [main] DEBUG datingapp.core.PerformanceMonitor - debug.test: count=1, avg=100ms
22:33:33.734 [main] INFO  datingapp.core.PerformanceMonitor - 
=== Performance METRICS ===
  log.test: count=1, avg=100ms, min=100ms, max=100ms

[INFO] Tests run: 3, Failures: 0, Errors: 0, Skipped: 0, Time elapsed: 0.009 s -- in Logging
[INFO] Running OperationMetrics
[INFO] Tests run: 2, Failures: 0, Errors: 0, Skipped: 0, Time elapsed: 0.006 s -- in OperationMetrics
[INFO] Running Reset
[INFO] Tests run: 1, Failures: 0, Errors: 0, Skipped: 0, Time elapsed: 0.003 s -- in Reset
[INFO] Running Timer
[INFO] Tests run: 2, Failures: 0, Errors: 0, Skipped: 0, Time elapsed: 0.005 s -- in Timer
[INFO] Running Basic recording
[INFO] Tests run: 4, Failures: 0, Errors: 0, Skipped: 0, Time elapsed: 0.011 s -- in Basic recording
[INFO] Tests run: 0, Failures: 0, Errors: 0, Skipped: 0, Time elapsed: 0.046 s -- in PerformanceMonitor
[INFO] Running ProfileCompletionService
[INFO] Running generateTips()
[INFO] Tests run: 9, Failures: 0, Errors: 0, Skipped: 0, Time elapsed: 0.042 s -- in generateTips()
[INFO] Running generatePreview()
[INFO] Tests run: 1, Failures: 0, Errors: 0, Skipped: 0, Time elapsed: 0.005 s -- in generatePreview()
[INFO] Running calculateCompleteness()
[INFO] Tests run: 2, Failures: 0, Errors: 0, Skipped: 0, Time elapsed: 0.004 s -- in calculateCompleteness()
[INFO] Running renderProgressBar()
[INFO] Tests run: 4, Failures: 0, Errors: 0, Skipped: 0, Time elapsed: 0.011 s -- in renderProgressBar()
[INFO] Running CompletionResult
[INFO] Tests run: 2, Failures: 0, Errors: 0, Skipped: 0, Time elapsed: 0.011 s -- in CompletionResult
[INFO] Running calculate()
[INFO] Tests run: 6, Failures: 0, Errors: 0, Skipped: 0, Time elapsed: 0.015 s -- in calculate()
[INFO] Tests run: 0, Failures: 0, Errors: 0, Skipped: 0, Time elapsed: 0.091 s -- in ProfileCompletionService
[INFO] Running User.ProfileNote
[INFO] Running getPreview()
[INFO] Tests run: 2, Failures: 0, Errors: 0, Skipped: 0, Time elapsed: 0.002 s -- in getPreview()
[INFO] Running withContent()
[INFO] Tests run: 2, Failures: 0, Errors: 0, Skipped: 0, Time elapsed: 0.004 s -- in withContent()
[INFO] Running create()
[INFO] Tests run: 7, Failures: 0, Errors: 0, Skipped: 0, Time elapsed: 0.020 s -- in create()
[INFO] Tests run: 0, Failures: 0, Errors: 0, Skipped: 0, Time elapsed: 0.031 s -- in User.ProfileNote
[INFO] Running datingapp.core.RelationshipTransitionServiceTest
[INFO] Tests run: 8, Failures: 0, Errors: 0, Skipped: 0, Time elapsed: 0.014 s -- in datingapp.core.RelationshipTransitionServiceTest
[INFO] Running ServiceRegistry
[INFO] Running Config Getter
[INFO] Tests run: 2, Failures: 0, Errors: 0, Skipped: 0, Time elapsed: 0.004 s -- in Config Getter
[INFO] Running Service Getters
[INFO] Tests run: 12, Failures: 0, Errors: 0, Skipped: 0, Time elapsed: 0.022 s -- in Service Getters
[INFO] Running Storage Getters
[INFO] Tests run: 4, Failures: 0, Errors: 0, Skipped: 0, Time elapsed: 0.006 s -- in Storage Getters
[INFO] Running Builder.buildH2
[INFO] Tests run: 3, Failures: 0, Errors: 0, Skipped: 0, Time elapsed: 0.010 s -- in Builder.buildH2
[INFO] Tests run: 0, Failures: 0, Errors: 0, Skipped: 0, Time elapsed: 0.049 s -- in ServiceRegistry
[INFO] Running datingapp.core.SessionServiceTest
[INFO] Running History and aggregates tests
[INFO] Tests run: 2, Failures: 0, Errors: 0, Skipped: 0, Time elapsed: 0.028 s -- in History and aggregates tests
[INFO] Running Session ending tests
[INFO] Tests run: 1, Failures: 0, Errors: 0, Skipped: 0, Time elapsed: 0.004 s -- in Session ending tests
[INFO] Running Swipe recording tests
[INFO] Tests run: 3, Failures: 0, Errors: 0, Skipped: 0, Time elapsed: 0.020 s -- in Swipe recording tests
[INFO] Running Session creation tests
[INFO] Tests run: 3, Failures: 0, Errors: 0, Skipped: 0, Time elapsed: 0.012 s -- in Session creation tests
[INFO] Tests run: 0, Failures: 0, Errors: 0, Skipped: 0, Time elapsed: 0.073 s -- in datingapp.core.SessionServiceTest
[INFO] Running Soft-delete behavior
[INFO] Running Match soft-delete
[INFO] Tests run: 5, Failures: 0, Errors: 0, Skipped: 0, Time elapsed: 0.013 s -- in Match soft-delete
[INFO] Running User soft-delete
[INFO] Tests run: 5, Failures: 0, Errors: 0, Skipped: 0, Time elapsed: 0.014 s -- in User soft-delete
[INFO] Tests run: 0, Failures: 0, Errors: 0, Skipped: 0, Time elapsed: 0.030 s -- in Soft-delete behavior
[INFO] Running StandoutsService
[INFO] Running Result record
[INFO] Tests run: 2, Failures: 0, Errors: 0, Skipped: 0, Time elapsed: 0.010 s -- in Result record
[INFO] Running resolveUsers
[INFO] Tests run: 2, Failures: 0, Errors: 0, Skipped: 0, Time elapsed: 0.004 s -- in resolveUsers
[INFO] Running markInteracted
[INFO] Tests run: 1, Failures: 0, Errors: 0, Skipped: 0, Time elapsed: 0.003 s -- in markInteracted
[INFO] Running getStandouts
22:33:34.079 [main] DEBUG d.core.service.CandidateFinder - Finding candidates for Seeker (state=ACTIVE, gender=FEMALE, interestedIn=[MALE], age=25, minAge=18, maxAge=99)
22:33:34.079 [main] DEBUG d.core.service.CandidateFinder - Total active users to filter: 16
22:33:34.079 [main] DEBUG d.core.service.CandidateFinder - Already interacted with: 0 users
22:33:34.080 [main] INFO  d.core.service.CandidateFinder - CandidateFinder: Found 15 candidates for Seeker (from 16 active users)
22:33:34.089 [main] DEBUG d.core.service.CandidateFinder - Finding candidates for Seeker (state=ACTIVE, gender=FEMALE, interestedIn=[MALE], age=25, minAge=18, maxAge=99)
22:33:34.090 [main] DEBUG d.core.service.CandidateFinder - Total active users to filter: 3
22:33:34.090 [main] DEBUG d.core.service.CandidateFinder - Already interacted with: 0 users
22:33:34.090 [main] INFO  d.core.service.CandidateFinder - CandidateFinder: Found 2 candidates for Seeker (from 3 active users)
22:33:34.093 [main] DEBUG d.core.service.CandidateFinder - Finding candidates for Seeker (state=ACTIVE, gender=OTHER, interestedIn=[MALE, FEMALE, OTHER], age=25, minAge=18, maxAge=99)
22:33:34.093 [main] DEBUG d.core.service.CandidateFinder - Total active users to filter: 1
22:33:34.093 [main] DEBUG d.core.service.CandidateFinder - Already interacted with: 0 users
22:33:34.093 [main] DEBUG d.core.service.CandidateFinder - CandidateFinder: Found 0 candidates for Seeker (from 1 active users)
[INFO] Tests run: 4, Failures: 0, Errors: 0, Skipped: 0, Time elapsed: 0.020 s -- in getStandouts
[INFO] Running Constructor validation
[INFO] Tests run: 5, Failures: 0, Errors: 0, Skipped: 0, Time elapsed: 0.007 s -- in Constructor validation
[INFO] Tests run: 0, Failures: 0, Errors: 0, Skipped: 0, Time elapsed: 0.047 s -- in StandoutsService
[INFO] Running datingapp.core.StatsMetricsTest
[INFO] Running UserStats Domain Model
[INFO] Running Display formatting tests
[INFO] Tests run: 2, Failures: 0, Errors: 0, Skipped: 0, Time elapsed: 0.004 s -- in Display formatting tests
[INFO] Running Builder tests
[INFO] Tests run: 2, Failures: 0, Errors: 0, Skipped: 0, Time elapsed: 0.003 s -- in Builder tests
[INFO] Running Validation tests
[INFO] Tests run: 3, Failures: 0, Errors: 0, Skipped: 0, Time elapsed: 0.005 s -- in Validation tests
[INFO] Tests run: 0, Failures: 0, Errors: 0, Skipped: 0, Time elapsed: 0.013 s -- in UserStats Domain Model
[INFO] Running UserAchievement Domain Model
[INFO] Tests run: 8, Failures: 0, Errors: 0, Skipped: 0, Time elapsed: 0.018 s -- in UserAchievement Domain Model
[INFO] Running PlatformStats Domain Model
[INFO] Tests run: 7, Failures: 0, Errors: 0, Skipped: 0, Time elapsed: 0.017 s -- in PlatformStats Domain Model
[INFO] Tests run: 0, Failures: 0, Errors: 0, Skipped: 0, Time elapsed: 0.050 s -- in datingapp.core.StatsMetricsTest
[INFO] Running StatsService
[INFO] Running getPlatformStats
[INFO] Tests run: 2, Failures: 0, Errors: 0, Skipped: 0, Time elapsed: 0.005 s -- in getPlatformStats
[INFO] Running computeAndSavePlatformStats
[INFO] Tests run: 3, Failures: 0, Errors: 0, Skipped: 0, Time elapsed: 0.010 s -- in computeAndSavePlatformStats
[INFO] Running getStats
[INFO] Tests run: 2, Failures: 0, Errors: 0, Skipped: 0, Time elapsed: 0.005 s -- in getStats
[INFO] Running getOrComputeStats
[INFO] Tests run: 2, Failures: 0, Errors: 0, Skipped: 0, Time elapsed: 0.008 s -- in getOrComputeStats
[INFO] Running computeAndSaveStats
[INFO] Tests run: 9, Failures: 0, Errors: 0, Skipped: 0, Time elapsed: 0.017 s -- in computeAndSaveStats
[INFO] Tests run: 0, Failures: 0, Errors: 0, Skipped: 0, Time elapsed: 0.049 s -- in StatsService
[INFO] Running datingapp.core.SwipeSessionTest
[INFO] Running Large dataset tests
[INFO] Tests run: 3, Failures: 0, Errors: 0, Skipped: 0, Time elapsed: 0.006 s -- in Large dataset tests
[INFO] Running Getter validation tests
[INFO] Tests run: 3, Failures: 0, Errors: 0, Skipped: 0, Time elapsed: 0.007 s -- in Getter validation tests
[INFO] Running Timeout boundary tests
[INFO] Tests run: 3, Failures: 0, Errors: 0, Skipped: 0, Time elapsed: 0.004 s -- in Timeout boundary tests
[INFO] Running Computed properties edge cases
[INFO] Tests run: 6, Failures: 0, Errors: 0, Skipped: 0, Time elapsed: 0.009 s -- in Computed properties edge cases
[INFO] Running State validation tests
[INFO] Tests run: 4, Failures: 0, Errors: 0, Skipped: 0, Time elapsed: 0.008 s -- in State validation tests
[INFO] Running Edge case swipe tests
[INFO] Tests run: 5, Failures: 0, Errors: 0, Skipped: 0, Time elapsed: 0.010 s -- in Edge case swipe tests
[INFO] Running Equality tests
[INFO] Tests run: 4, Failures: 0, Errors: 0, Skipped: 0, Time elapsed: 0.013 s -- in Equality tests
[INFO] Running Computed properties tests
[INFO] Tests run: 7, Failures: 0, Errors: 0, Skipped: 0, Time elapsed: 0.014 s -- in Computed properties tests
[INFO] Running Timeout tests
[INFO] Tests run: 3, Failures: 0, Errors: 0, Skipped: 0, Time elapsed: 0.005 s -- in Timeout tests
[INFO] Running Session ending tests
[INFO] Tests run: 2, Failures: 0, Errors: 0, Skipped: 0, Time elapsed: 0.006 s -- in Session ending tests
[INFO] Running Swipe recording tests
[INFO] Tests run: 6, Failures: 0, Errors: 0, Skipped: 0, Time elapsed: 0.013 s -- in Swipe recording tests
[INFO] Running Creation tests
[INFO] Tests run: 1, Failures: 0, Errors: 0, Skipped: 0, Time elapsed: 0.001 s -- in Creation tests
[INFO] Tests run: 0, Failures: 0, Errors: 0, Skipped: 0, Time elapsed: 0.110 s -- in datingapp.core.SwipeSessionTest
[INFO] Running TrustSafetyService
[INFO] Running Verification Code
[INFO] Tests run: 2, Failures: 0, Errors: 0, Skipped: 0, Time elapsed: 0.004 s -- in Verification Code
[INFO] Running Report Functionality
[INFO] Running Unblock Functionality
22:33:34.330 [main] DEBUG d.core.service.TrustSafetyService - No block found between 200e3887-9ac0-483d-9d7c-3f0796b96a3f and d83773ee-bdaf-447b-9d48-8e2c6ad7565d
22:33:34.333 [main] INFO  d.core.service.TrustSafetyService - User 344338a6-d462-4750-bb75-bb247bb955b2 unblocked user dfd8fe89-edea-4ebe-bcb8-33f9446d51ef
[INFO] Tests run: 4, Failures: 0, Errors: 0, Skipped: 0, Time elapsed: 0.013 s -- in Unblock Functionality
[INFO] Running Validation Errors
[INFO] Tests run: 3, Failures: 0, Errors: 0, Skipped: 0, Time elapsed: 0.007 s -- in Validation Errors
[INFO] Running Auto-Ban Logic
[INFO] Tests run: 2, Failures: 0, Errors: 0, Skipped: 0, Time elapsed: 0.003 s -- in Auto-Ban Logic
[INFO] Running Successful Reports
[INFO] Tests run: 3, Failures: 0, Errors: 0, Skipped: 0, Time elapsed: 0.007 s -- in Successful Reports
[INFO] Tests run: 0, Failures: 0, Errors: 0, Skipped: 0, Time elapsed: 0.035 s -- in Report Functionality
[INFO] Tests run: 0, Failures: 0, Errors: 0, Skipped: 0, Time elapsed: 0.040 s -- in TrustSafetyService
[INFO] Running UndoService
[INFO] Running clearUndo
[INFO] Tests run: 2, Failures: 0, Errors: 0, Skipped: 0, Time elapsed: 0.004 s -- in clearUndo
[INFO] Running undo
[INFO] Tests run: 8, Failures: 0, Errors: 0, Skipped: 0, Time elapsed: 0.017 s -- in undo
[INFO] Running getSecondsRemaining
[INFO] Tests run: 3, Failures: 0, Errors: 0, Skipped: 0, Time elapsed: 0.006 s -- in getSecondsRemaining
[INFO] Running canUndo
[INFO] Tests run: 5, Failures: 0, Errors: 0, Skipped: 0, Time elapsed: 0.009 s -- in canUndo
[INFO] Running recordSwipe
[INFO] Tests run: 3, Failures: 0, Errors: 0, Skipped: 0, Time elapsed: 0.003 s -- in recordSwipe
[INFO] Tests run: 0, Failures: 0, Errors: 0, Skipped: 0, Time elapsed: 0.041 s -- in UndoService
[INFO] Running datingapp.core.UserInteractionsTest
[INFO] Running Report Domain Model
[INFO] Tests run: 10, Failures: 0, Errors: 0, Skipped: 0, Time elapsed: 0.018 s -- in Report Domain Model
[INFO] Running Block Domain Model
[INFO] Tests run: 8, Failures: 0, Errors: 0, Skipped: 0, Time elapsed: 0.013 s -- in Block Domain Model
[INFO] Running Like Domain Model
[INFO] Tests run: 12, Failures: 0, Errors: 0, Skipped: 0, Time elapsed: 0.016 s -- in Like Domain Model
[INFO] Tests run: 0, Failures: 0, Errors: 0, Skipped: 0, Time elapsed: 0.049 s -- in datingapp.core.UserInteractionsTest
[INFO] Running datingapp.core.UserTest
[INFO] Running StorageBuilder
[INFO] Tests run: 18, Failures: 0, Errors: 0, Skipped: 0, Time elapsed: 0.003 s -- in StorageBuilder
[INFO] Running ProfileNote
[INFO] Tests run: 14, Failures: 0, Errors: 0, Skipped: 0, Time elapsed: 0.015 s -- in ProfileNote
[INFO] Tests run: 0, Failures: 0, Errors: 0, Skipped: 0, Time elapsed: 0.044 s -- in datingapp.core.UserTest
[INFO] Running datingapp.core.ValidationServiceTest
[INFO] Running Location Validation
[INFO] Tests run: 10, Failures: 0, Errors: 0, Skipped: 0, Time elapsed: 0.012 s -- in Location Validation
[INFO] Running Age Range Validation
[INFO] Tests run: 7, Failures: 0, Errors: 0, Skipped: 0, Time elapsed: 0.007 s -- in Age Range Validation
[INFO] Running Bio Validation
[INFO] Tests run: 5, Failures: 0, Errors: 0, Skipped: 0, Time elapsed: 0.004 s -- in Bio Validation
[INFO] Running Distance Validation
[INFO] Tests run: 6, Failures: 0, Errors: 0, Skipped: 0, Time elapsed: 0.004 s -- in Distance Validation
[INFO] Running Height Validation
[INFO] Tests run: 5, Failures: 0, Errors: 0, Skipped: 0, Time elapsed: 0.003 s -- in Height Validation
[INFO] Running Age Validation
[INFO] Tests run: 5, Failures: 0, Errors: 0, Skipped: 0, Time elapsed: 0.005 s -- in Age Validation
[INFO] Running Name Validation
[INFO] Tests run: 5, Failures: 0, Errors: 0, Skipped: 0, Time elapsed: 0.011 s -- in Name Validation
[INFO] Tests run: 0, Failures: 0, Errors: 0, Skipped: 0, Time elapsed: 0.051 s -- in datingapp.core.ValidationServiceTest
[INFO] Running datingapp.storage.DatabaseManagerThreadSafetyTest
[INFO] Tests run: 2, Failures: 0, Errors: 0, Skipped: 0, Time elapsed: 0.337 s -- in datingapp.storage.DatabaseManagerThreadSafetyTest
[INFO] Running datingapp.storage.mapper.MapperHelperTest
Skipping invalid TestEnum value 'INVALID' in column 'col'
[INFO] Running readEnum validation
Skipping invalid TestEnum value 'NONEXISTENT' in column 'col'
[INFO] Tests run: 8, Failures: 0, Errors: 0, Skipped: 0, Time elapsed: 0.002 s -- in readEnum validation
[INFO] Tests run: 0, Failures: 0, Errors: 0, Skipped: 0, Time elapsed: 0.011 s -- in datingapp.storage.mapper.MapperHelperTest
[INFO] Running datingapp.storage.schema.SchemaInitializerTest
[INFO] Running MigrationRunner.migrateV1
[INFO] Tests run: 3, Failures: 0, Errors: 0, Skipped: 0, Time elapsed: 0.259 s -- in MigrationRunner.migrateV1
[INFO] Running createAllTables
[INFO] Tests run: 3, Failures: 0, Errors: 0, Skipped: 0, Time elapsed: 0.117 s -- in createAllTables
[INFO] Tests run: 0, Failures: 0, Errors: 0, Skipped: 0, Time elapsed: 0.379 s -- in datingapp.storage.schema.SchemaInitializerTest
[INFO] Running JavaFX CSS Validation
[INFO] Tests run: 4, Failures: 0, Errors: 0, Skipped: 0, Time elapsed: 1.394 s -- in JavaFX CSS Validation
[INFO] Running MatchesViewModel
[INFO] Tests run: 8, Failures: 0, Errors: 0, Skipped: 0, Time elapsed: 0.053 s -- in MatchesViewModel
[INFO] 
[INFO] Results:
[INFO] 
[INFO] Tests run: 802, Failures: 0, Errors: 0, Skipped: 0
[INFO] 
[INFO] 
[INFO] --- jacoco:0.8.14:report (report) @ dating-app ---
[INFO] Loading execution data file C:\Users\tom7s\Desktopp\Claude_Folder_2\Date_Program\target\jacoco.exec
[INFO] Analyzed bundle 'Dating App' with 230 classes
[INFO] 
[INFO] --- jar:3.4.1:jar (default-jar) @ dating-app ---
[INFO] Building jar: C:\Users\tom7s\Desktopp\Claude_Folder_2\Date_Program\target\dating-app-1.0.0.jar
[INFO] 
[INFO] --- spotless:3.2.1:check (spotless-check) @ dating-app ---
[INFO] Spotless.Java is keeping 158 files clean - 0 needs changes to be clean, 0 were already clean, 158 were skipped because caching determined they were already clean
[INFO] 
[INFO] >>> pmd:3.28.0:check (pmd-check) > :pmd @ dating-app >>>
[INFO] 
[INFO] --- pmd:3.28.0:pmd (pmd) @ dating-app ---
[INFO] PMD version: 7.17.0
[INFO] Rendering content with org.apache.maven.skins:maven-fluido-skin:jar:2.0.0-M9 skin
[INFO] 
[INFO] <<< pmd:3.28.0:check (pmd-check) < :pmd @ dating-app <<<
[INFO] 
[INFO] 
[INFO] --- pmd:3.28.0:check (pmd-check) @ dating-app ---
[INFO] 
[INFO] --- jacoco:0.8.14:check (check) @ dating-app ---
[INFO] Loading execution data file C:\Users\tom7s\Desktopp\Claude_Folder_2\Date_Program\target\jacoco.exec
[INFO] Analyzed bundle 'dating-app' with 158 classes
[INFO] All coverage checks have been met.
[INFO] ------------------------------------------------------------------------
[INFO] BUILD SUCCESS
[INFO] ------------------------------------------------------------------------
[INFO] Total time:  31.932 s
[INFO] Finished at: 2026-02-11T22:33:49+02:00
[INFO] ------------------------------------------------------------------------

